2022-08-08 00:05:52 INFO   --- [AsyncResolver-bootstrap-executor-0] c.n.d.s.r.a.ConfigClusterResolver : Resolving eureka endpoints via configuration
2022-08-08 00:10:52 INFO   --- [AsyncResolver-bootstrap-executor-0] c.n.d.s.r.a.ConfigClusterResolver : Resolving eureka endpoints via configuration
2022-08-08 00:15:52 INFO   --- [AsyncResolver-bootstrap-executor-0] c.n.d.s.r.a.ConfigClusterResolver : Resolving eureka endpoints via configuration
2022-08-08 00:20:52 INFO   --- [AsyncResolver-bootstrap-executor-0] c.n.d.s.r.a.ConfigClusterResolver : Resolving eureka endpoints via configuration
2022-08-08 00:25:52 INFO   --- [AsyncResolver-bootstrap-executor-0] c.n.d.s.r.a.ConfigClusterResolver : Resolving eureka endpoints via configuration
2022-08-08 00:30:52 INFO   --- [AsyncResolver-bootstrap-executor-0] c.n.d.s.r.a.ConfigClusterResolver : Resolving eureka endpoints via configuration
2022-08-08 00:36:10 INFO   --- [AsyncResolver-bootstrap-executor-0] c.n.d.s.r.a.ConfigClusterResolver : Resolving eureka endpoints via configuration
2022-08-08 00:40:57 INFO   --- [SpringApplicationShutdownHook] c.n.d.DiscoveryClient : Saw local status change event StatusChangeEvent [timestamp=1659897657562, current=DOWN, previous=UP]
2022-08-08 00:40:57 INFO   --- [DiscoveryClient-InstanceInfoReplicator-0] c.n.d.DiscoveryClient : DiscoveryClient_API-GATEWAY/192.168.0.11:api-gateway:8081: registering service...
2022-08-08 00:40:57 INFO   --- [DiscoveryClient-InstanceInfoReplicator-0] c.n.d.s.t.d.RedirectingEurekaHttpClient : Request execution error. endpoint=DefaultEndpoint{ serviceUrl='http://localhost:8761/eureka/} exception=I/O error on POST request for "http://localhost:8761/eureka/apps/API-GATEWAY": Connect to localhost:8761 [localhost/127.0.0.1] failed: Connection refused (Connection refused); nested exception is org.apache.http.conn.HttpHostConnectException: Connect to localhost:8761 [localhost/127.0.0.1] failed: Connection refused (Connection refused) stacktrace=org.springframework.web.client.ResourceAccessException: I/O error on POST request for "http://localhost:8761/eureka/apps/API-GATEWAY": Connect to localhost:8761 [localhost/127.0.0.1] failed: Connection refused (Connection refused); nested exception is org.apache.http.conn.HttpHostConnectException: Connect to localhost:8761 [localhost/127.0.0.1] failed: Connection refused (Connection refused)
	at org.springframework.web.client.RestTemplate.doExecute(RestTemplate.java:785)
	at org.springframework.web.client.RestTemplate.execute(RestTemplate.java:711)
	at org.springframework.web.client.RestTemplate.exchange(RestTemplate.java:602)
	at org.springframework.cloud.netflix.eureka.http.RestTemplateEurekaHttpClient.register(RestTemplateEurekaHttpClient.java:77)
	at com.netflix.discovery.shared.transport.decorator.EurekaHttpClientDecorator$1.execute(EurekaHttpClientDecorator.java:59)
	at com.netflix.discovery.shared.transport.decorator.RedirectingEurekaHttpClient.execute(RedirectingEurekaHttpClient.java:91)
	at com.netflix.discovery.shared.transport.decorator.EurekaHttpClientDecorator.register(EurekaHttpClientDecorator.java:56)
	at com.netflix.discovery.shared.transport.decorator.EurekaHttpClientDecorator$1.execute(EurekaHttpClientDecorator.java:59)
	at com.netflix.discovery.shared.transport.decorator.RetryableEurekaHttpClient.execute(RetryableEurekaHttpClient.java:120)
	at com.netflix.discovery.shared.transport.decorator.EurekaHttpClientDecorator.register(EurekaHttpClientDecorator.java:56)
	at com.netflix.discovery.shared.transport.decorator.EurekaHttpClientDecorator$1.execute(EurekaHttpClientDecorator.java:59)
	at com.netflix.discovery.shared.transport.decorator.SessionedEurekaHttpClient.execute(SessionedEurekaHttpClient.java:77)
	at com.netflix.discovery.shared.transport.decorator.EurekaHttpClientDecorator.register(EurekaHttpClientDecorator.java:56)
	at com.netflix.discovery.DiscoveryClient.register(DiscoveryClient.java:876)
	at com.netflix.discovery.InstanceInfoReplicator.run(InstanceInfoReplicator.java:121)
	at com.netflix.discovery.InstanceInfoReplicator$1.run(InstanceInfoReplicator.java:101)
	at java.base/java.util.concurrent.Executors$RunnableAdapter.call(Executors.java:515)
	at java.base/java.util.concurrent.FutureTask.run(FutureTask.java:264)
	at java.base/java.util.concurrent.ScheduledThreadPoolExecutor$ScheduledFutureTask.run(ScheduledThreadPoolExecutor.java:304)
	at java.base/java.util.concurrent.ThreadPoolExecutor.runWorker(ThreadPoolExecutor.java:1128)
	at java.base/java.util.concurrent.ThreadPoolExecutor$Worker.run(ThreadPoolExecutor.java:628)
	at java.base/java.lang.Thread.run(Thread.java:829)
Caused by: org.apache.http.conn.HttpHostConnectException: Connect to localhost:8761 [localhost/127.0.0.1] failed: Connection refused (Connection refused)
	at org.apache.http.impl.conn.DefaultHttpClientConnectionOperator.connect(DefaultHttpClientConnectionOperator.java:156)
	at org.apache.http.impl.conn.PoolingHttpClientConnectionManager.connect(PoolingHttpClientConnectionManager.java:376)
	at org.apache.http.impl.execchain.MainClientExec.establishRoute(MainClientExec.java:393)
	at org.apache.http.impl.execchain.MainClientExec.execute(MainClientExec.java:236)
	at org.apache.http.impl.execchain.ProtocolExec.execute(ProtocolExec.java:186)
	at org.apache.http.impl.execchain.RetryExec.execute(RetryExec.java:89)
	at org.apache.http.impl.execchain.RedirectExec.execute(RedirectExec.java:110)
	at org.apache.http.impl.client.InternalHttpClient.doExecute(InternalHttpClient.java:185)
	at org.apache.http.impl.client.CloseableHttpClient.execute(CloseableHttpClient.java:83)
	at org.apache.http.impl.client.CloseableHttpClient.execute(CloseableHttpClient.java:56)
	at org.springframework.http.client.HttpComponentsClientHttpRequest.executeInternal(HttpComponentsClientHttpRequest.java:87)
	at org.springframework.http.client.AbstractBufferingClientHttpRequest.executeInternal(AbstractBufferingClientHttpRequest.java:48)
	at org.springframework.http.client.AbstractClientHttpRequest.execute(AbstractClientHttpRequest.java:66)
	at org.springframework.web.client.RestTemplate.doExecute(RestTemplate.java:776)
	... 21 more
Caused by: java.net.ConnectException: Connection refused (Connection refused)
	at java.base/java.net.PlainSocketImpl.socketConnect(Native Method)
	at java.base/java.net.AbstractPlainSocketImpl.doConnect(AbstractPlainSocketImpl.java:412)
	at java.base/java.net.AbstractPlainSocketImpl.connectToAddress(AbstractPlainSocketImpl.java:255)
	at java.base/java.net.AbstractPlainSocketImpl.connect(AbstractPlainSocketImpl.java:237)
	at java.base/java.net.SocksSocketImpl.connect(SocksSocketImpl.java:392)
	at java.base/java.net.Socket.connect(Socket.java:609)
	at org.apache.http.conn.socket.PlainConnectionSocketFactory.connectSocket(PlainConnectionSocketFactory.java:75)
	at org.apache.http.impl.conn.DefaultHttpClientConnectionOperator.connect(DefaultHttpClientConnectionOperator.java:142)
	... 34 more

2022-08-08 00:40:57 WARN   --- [DiscoveryClient-InstanceInfoReplicator-0] c.n.d.s.t.d.RetryableEurekaHttpClient : Request execution failed with message: I/O error on POST request for "http://localhost:8761/eureka/apps/API-GATEWAY": Connect to localhost:8761 [localhost/127.0.0.1] failed: Connection refused (Connection refused); nested exception is org.apache.http.conn.HttpHostConnectException: Connect to localhost:8761 [localhost/127.0.0.1] failed: Connection refused (Connection refused)
2022-08-08 00:40:57 INFO   --- [DiscoveryClient-InstanceInfoReplicator-0] c.n.d.s.t.d.RedirectingEurekaHttpClient : Request execution error. endpoint=DefaultEndpoint{ serviceUrl='http://localhost:8761/eureka/}, exception=I/O error on POST request for "http://localhost:8761/eureka/apps/API-GATEWAY": Connect to localhost:8761 [localhost/127.0.0.1] failed: Connection refused (Connection refused); nested exception is org.apache.http.conn.HttpHostConnectException: Connect to localhost:8761 [localhost/127.0.0.1] failed: Connection refused (Connection refused) stacktrace=org.springframework.web.client.ResourceAccessException: I/O error on POST request for "http://localhost:8761/eureka/apps/API-GATEWAY": Connect to localhost:8761 [localhost/127.0.0.1] failed: Connection refused (Connection refused); nested exception is org.apache.http.conn.HttpHostConnectException: Connect to localhost:8761 [localhost/127.0.0.1] failed: Connection refused (Connection refused)
	at org.springframework.web.client.RestTemplate.doExecute(RestTemplate.java:785)
	at org.springframework.web.client.RestTemplate.execute(RestTemplate.java:711)
	at org.springframework.web.client.RestTemplate.exchange(RestTemplate.java:602)
	at org.springframework.cloud.netflix.eureka.http.RestTemplateEurekaHttpClient.register(RestTemplateEurekaHttpClient.java:77)
	at com.netflix.discovery.shared.transport.decorator.EurekaHttpClientDecorator$1.execute(EurekaHttpClientDecorator.java:59)
	at com.netflix.discovery.shared.transport.decorator.RedirectingEurekaHttpClient.executeOnNewServer(RedirectingEurekaHttpClient.java:121)
	at com.netflix.discovery.shared.transport.decorator.RedirectingEurekaHttpClient.execute(RedirectingEurekaHttpClient.java:80)
	at com.netflix.discovery.shared.transport.decorator.EurekaHttpClientDecorator.register(EurekaHttpClientDecorator.java:56)
	at com.netflix.discovery.shared.transport.decorator.EurekaHttpClientDecorator$1.execute(EurekaHttpClientDecorator.java:59)
	at com.netflix.discovery.shared.transport.decorator.RetryableEurekaHttpClient.execute(RetryableEurekaHttpClient.java:120)
	at com.netflix.discovery.shared.transport.decorator.EurekaHttpClientDecorator.register(EurekaHttpClientDecorator.java:56)
	at com.netflix.discovery.shared.transport.decorator.EurekaHttpClientDecorator$1.execute(EurekaHttpClientDecorator.java:59)
	at com.netflix.discovery.shared.transport.decorator.SessionedEurekaHttpClient.execute(SessionedEurekaHttpClient.java:77)
	at com.netflix.discovery.shared.transport.decorator.EurekaHttpClientDecorator.register(EurekaHttpClientDecorator.java:56)
	at com.netflix.discovery.DiscoveryClient.register(DiscoveryClient.java:876)
	at com.netflix.discovery.InstanceInfoReplicator.run(InstanceInfoReplicator.java:121)
	at com.netflix.discovery.InstanceInfoReplicator$1.run(InstanceInfoReplicator.java:101)
	at java.base/java.util.concurrent.Executors$RunnableAdapter.call(Executors.java:515)
	at java.base/java.util.concurrent.FutureTask.run(FutureTask.java:264)
	at java.base/java.util.concurrent.ScheduledThreadPoolExecutor$ScheduledFutureTask.run(ScheduledThreadPoolExecutor.java:304)
	at java.base/java.util.concurrent.ThreadPoolExecutor.runWorker(ThreadPoolExecutor.java:1128)
	at java.base/java.util.concurrent.ThreadPoolExecutor$Worker.run(ThreadPoolExecutor.java:628)
	at java.base/java.lang.Thread.run(Thread.java:829)
Caused by: org.apache.http.conn.HttpHostConnectException: Connect to localhost:8761 [localhost/127.0.0.1] failed: Connection refused (Connection refused)
	at org.apache.http.impl.conn.DefaultHttpClientConnectionOperator.connect(DefaultHttpClientConnectionOperator.java:156)
	at org.apache.http.impl.conn.PoolingHttpClientConnectionManager.connect(PoolingHttpClientConnectionManager.java:376)
	at org.apache.http.impl.execchain.MainClientExec.establishRoute(MainClientExec.java:393)
	at org.apache.http.impl.execchain.MainClientExec.execute(MainClientExec.java:236)
	at org.apache.http.impl.execchain.ProtocolExec.execute(ProtocolExec.java:186)
	at org.apache.http.impl.execchain.RetryExec.execute(RetryExec.java:89)
	at org.apache.http.impl.execchain.RedirectExec.execute(RedirectExec.java:110)
	at org.apache.http.impl.client.InternalHttpClient.doExecute(InternalHttpClient.java:185)
	at org.apache.http.impl.client.CloseableHttpClient.execute(CloseableHttpClient.java:83)
	at org.apache.http.impl.client.CloseableHttpClient.execute(CloseableHttpClient.java:56)
	at org.springframework.http.client.HttpComponentsClientHttpRequest.executeInternal(HttpComponentsClientHttpRequest.java:87)
	at org.springframework.http.client.AbstractBufferingClientHttpRequest.executeInternal(AbstractBufferingClientHttpRequest.java:48)
	at org.springframework.http.client.AbstractClientHttpRequest.execute(AbstractClientHttpRequest.java:66)
	at org.springframework.web.client.RestTemplate.doExecute(RestTemplate.java:776)
	... 22 more
Caused by: java.net.ConnectException: Connection refused (Connection refused)
	at java.base/java.net.PlainSocketImpl.socketConnect(Native Method)
	at java.base/java.net.AbstractPlainSocketImpl.doConnect(AbstractPlainSocketImpl.java:412)
	at java.base/java.net.AbstractPlainSocketImpl.connectToAddress(AbstractPlainSocketImpl.java:255)
	at java.base/java.net.AbstractPlainSocketImpl.connect(AbstractPlainSocketImpl.java:237)
	at java.base/java.net.SocksSocketImpl.connect(SocksSocketImpl.java:392)
	at java.base/java.net.Socket.connect(Socket.java:609)
	at org.apache.http.conn.socket.PlainConnectionSocketFactory.connectSocket(PlainConnectionSocketFactory.java:75)
	at org.apache.http.impl.conn.DefaultHttpClientConnectionOperator.connect(DefaultHttpClientConnectionOperator.java:142)
	... 35 more

2022-08-08 00:40:57 WARN   --- [DiscoveryClient-InstanceInfoReplicator-0] c.n.d.s.t.d.RetryableEurekaHttpClient : Request execution failed with message: I/O error on POST request for "http://localhost:8761/eureka/apps/API-GATEWAY": Connect to localhost:8761 [localhost/127.0.0.1] failed: Connection refused (Connection refused); nested exception is org.apache.http.conn.HttpHostConnectException: Connect to localhost:8761 [localhost/127.0.0.1] failed: Connection refused (Connection refused)
2022-08-08 00:40:57 WARN   --- [DiscoveryClient-InstanceInfoReplicator-0] c.n.d.DiscoveryClient : DiscoveryClient_API-GATEWAY/192.168.0.11:api-gateway:8081 - registration failed Cannot execute request on any known server
com.netflix.discovery.shared.transport.TransportException: Cannot execute request on any known server
	at com.netflix.discovery.shared.transport.decorator.RetryableEurekaHttpClient.execute(RetryableEurekaHttpClient.java:112)
	at com.netflix.discovery.shared.transport.decorator.EurekaHttpClientDecorator.register(EurekaHttpClientDecorator.java:56)
	at com.netflix.discovery.shared.transport.decorator.EurekaHttpClientDecorator$1.execute(EurekaHttpClientDecorator.java:59)
	at com.netflix.discovery.shared.transport.decorator.SessionedEurekaHttpClient.execute(SessionedEurekaHttpClient.java:77)
	at com.netflix.discovery.shared.transport.decorator.EurekaHttpClientDecorator.register(EurekaHttpClientDecorator.java:56)
	at com.netflix.discovery.DiscoveryClient.register(DiscoveryClient.java:876)
	at com.netflix.discovery.InstanceInfoReplicator.run(InstanceInfoReplicator.java:121)
	at com.netflix.discovery.InstanceInfoReplicator$1.run(InstanceInfoReplicator.java:101)
	at java.base/java.util.concurrent.Executors$RunnableAdapter.call(Executors.java:515)
	at java.base/java.util.concurrent.FutureTask.run(FutureTask.java:264)
	at java.base/java.util.concurrent.ScheduledThreadPoolExecutor$ScheduledFutureTask.run(ScheduledThreadPoolExecutor.java:304)
	at java.base/java.util.concurrent.ThreadPoolExecutor.runWorker(ThreadPoolExecutor.java:1128)
	at java.base/java.util.concurrent.ThreadPoolExecutor$Worker.run(ThreadPoolExecutor.java:628)
	at java.base/java.lang.Thread.run(Thread.java:829)
2022-08-08 00:40:57 WARN   --- [DiscoveryClient-InstanceInfoReplicator-0] c.n.d.InstanceInfoReplicator : There was a problem with the instance info replicator
com.netflix.discovery.shared.transport.TransportException: Cannot execute request on any known server
	at com.netflix.discovery.shared.transport.decorator.RetryableEurekaHttpClient.execute(RetryableEurekaHttpClient.java:112)
	at com.netflix.discovery.shared.transport.decorator.EurekaHttpClientDecorator.register(EurekaHttpClientDecorator.java:56)
	at com.netflix.discovery.shared.transport.decorator.EurekaHttpClientDecorator$1.execute(EurekaHttpClientDecorator.java:59)
	at com.netflix.discovery.shared.transport.decorator.SessionedEurekaHttpClient.execute(SessionedEurekaHttpClient.java:77)
	at com.netflix.discovery.shared.transport.decorator.EurekaHttpClientDecorator.register(EurekaHttpClientDecorator.java:56)
	at com.netflix.discovery.DiscoveryClient.register(DiscoveryClient.java:876)
	at com.netflix.discovery.InstanceInfoReplicator.run(InstanceInfoReplicator.java:121)
	at com.netflix.discovery.InstanceInfoReplicator$1.run(InstanceInfoReplicator.java:101)
	at java.base/java.util.concurrent.Executors$RunnableAdapter.call(Executors.java:515)
	at java.base/java.util.concurrent.FutureTask.run(FutureTask.java:264)
	at java.base/java.util.concurrent.ScheduledThreadPoolExecutor$ScheduledFutureTask.run(ScheduledThreadPoolExecutor.java:304)
	at java.base/java.util.concurrent.ThreadPoolExecutor.runWorker(ThreadPoolExecutor.java:1128)
	at java.base/java.util.concurrent.ThreadPoolExecutor$Worker.run(ThreadPoolExecutor.java:628)
	at java.base/java.lang.Thread.run(Thread.java:829)
2022-08-08 00:40:57 INFO   --- [SpringApplicationShutdownHook] c.z.h.HikariDataSource : HikariPool-1 - Shutdown initiated...
2022-08-08 00:41:07 INFO   --- [SpringApplicationShutdownHook] c.z.h.HikariDataSource : HikariPool-1 - Shutdown completed.
2022-08-08 00:41:07 INFO   --- [SpringApplicationShutdownHook] c.n.d.DiscoveryClient : Shutting down DiscoveryClient ...
2022-08-08 00:41:10 INFO   --- [SpringApplicationShutdownHook] c.n.d.DiscoveryClient : Unregistering ...
2022-08-08 00:41:10 INFO   --- [SpringApplicationShutdownHook] c.n.d.s.t.d.RedirectingEurekaHttpClient : Request execution error. endpoint=DefaultEndpoint{ serviceUrl='http://localhost:8761/eureka/}, exception=I/O error on DELETE request for "http://localhost:8761/eureka/apps/API-GATEWAY/192.168.0.11:api-gateway:8081": Connect to localhost:8761 [localhost/127.0.0.1] failed: Connection refused (Connection refused); nested exception is org.apache.http.conn.HttpHostConnectException: Connect to localhost:8761 [localhost/127.0.0.1] failed: Connection refused (Connection refused) stacktrace=org.springframework.web.client.ResourceAccessException: I/O error on DELETE request for "http://localhost:8761/eureka/apps/API-GATEWAY/192.168.0.11:api-gateway:8081": Connect to localhost:8761 [localhost/127.0.0.1] failed: Connection refused (Connection refused); nested exception is org.apache.http.conn.HttpHostConnectException: Connect to localhost:8761 [localhost/127.0.0.1] failed: Connection refused (Connection refused)
	at org.springframework.web.client.RestTemplate.doExecute(RestTemplate.java:785)
	at org.springframework.web.client.RestTemplate.execute(RestTemplate.java:711)
	at org.springframework.web.client.RestTemplate.exchange(RestTemplate.java:602)
	at org.springframework.cloud.netflix.eureka.http.RestTemplateEurekaHttpClient.cancel(RestTemplateEurekaHttpClient.java:87)
	at com.netflix.discovery.shared.transport.decorator.EurekaHttpClientDecorator$2.execute(EurekaHttpClientDecorator.java:74)
	at com.netflix.discovery.shared.transport.decorator.RedirectingEurekaHttpClient.executeOnNewServer(RedirectingEurekaHttpClient.java:121)
	at com.netflix.discovery.shared.transport.decorator.RedirectingEurekaHttpClient.execute(RedirectingEurekaHttpClient.java:80)
	at com.netflix.discovery.shared.transport.decorator.EurekaHttpClientDecorator.cancel(EurekaHttpClientDecorator.java:71)
	at com.netflix.discovery.shared.transport.decorator.EurekaHttpClientDecorator$2.execute(EurekaHttpClientDecorator.java:74)
	at com.netflix.discovery.shared.transport.decorator.RetryableEurekaHttpClient.execute(RetryableEurekaHttpClient.java:120)
	at com.netflix.discovery.shared.transport.decorator.EurekaHttpClientDecorator.cancel(EurekaHttpClientDecorator.java:71)
	at com.netflix.discovery.shared.transport.decorator.EurekaHttpClientDecorator$2.execute(EurekaHttpClientDecorator.java:74)
	at com.netflix.discovery.shared.transport.decorator.SessionedEurekaHttpClient.execute(SessionedEurekaHttpClient.java:77)
	at com.netflix.discovery.shared.transport.decorator.EurekaHttpClientDecorator.cancel(EurekaHttpClientDecorator.java:71)
	at com.netflix.discovery.DiscoveryClient.unregister(DiscoveryClient.java:972)
	at com.netflix.discovery.DiscoveryClient.shutdown(DiscoveryClient.java:948)
	at java.base/jdk.internal.reflect.NativeMethodAccessorImpl.invoke0(Native Method)
	at java.base/jdk.internal.reflect.NativeMethodAccessorImpl.invoke(NativeMethodAccessorImpl.java:62)
	at java.base/jdk.internal.reflect.DelegatingMethodAccessorImpl.invoke(DelegatingMethodAccessorImpl.java:43)
	at java.base/java.lang.reflect.Method.invoke(Method.java:566)
	at org.springframework.beans.factory.annotation.InitDestroyAnnotationBeanPostProcessor$LifecycleElement.invoke(InitDestroyAnnotationBeanPostProcessor.java:389)
	at org.springframework.beans.factory.annotation.InitDestroyAnnotationBeanPostProcessor$LifecycleMetadata.invokeDestroyMethods(InitDestroyAnnotationBeanPostProcessor.java:347)
	at org.springframework.beans.factory.annotation.InitDestroyAnnotationBeanPostProcessor.postProcessBeforeDestruction(InitDestroyAnnotationBeanPostProcessor.java:177)
	at org.springframework.beans.factory.support.DisposableBeanAdapter.destroy(DisposableBeanAdapter.java:197)
	at org.springframework.beans.factory.support.DisposableBeanAdapter.run(DisposableBeanAdapter.java:190)
	at org.springframework.cloud.context.scope.GenericScope$BeanLifecycleWrapper.destroy(GenericScope.java:390)
	at org.springframework.cloud.context.scope.GenericScope.destroy(GenericScope.java:136)
	at org.springframework.beans.factory.support.DisposableBeanAdapter.destroy(DisposableBeanAdapter.java:213)
	at org.springframework.beans.factory.support.DefaultSingletonBeanRegistry.destroyBean(DefaultSingletonBeanRegistry.java:587)
	at org.springframework.beans.factory.support.DefaultSingletonBeanRegistry.destroySingleton(DefaultSingletonBeanRegistry.java:559)
	at org.springframework.beans.factory.support.DefaultListableBeanFactory.destroySingleton(DefaultListableBeanFactory.java:1161)
	at org.springframework.beans.factory.support.DefaultSingletonBeanRegistry.destroySingletons(DefaultSingletonBeanRegistry.java:520)
	at org.springframework.beans.factory.support.DefaultListableBeanFactory.destroySingletons(DefaultListableBeanFactory.java:1154)
	at org.springframework.context.support.AbstractApplicationContext.destroyBeans(AbstractApplicationContext.java:1106)
	at org.springframework.context.support.AbstractApplicationContext.doClose(AbstractApplicationContext.java:1075)
	at org.springframework.boot.web.reactive.context.ReactiveWebServerApplicationContext.doClose(ReactiveWebServerApplicationContext.java:147)
	at org.springframework.context.support.AbstractApplicationContext.close(AbstractApplicationContext.java:1021)
	at org.springframework.boot.SpringApplicationShutdownHook.closeAndWait(SpringApplicationShutdownHook.java:145)
	at java.base/java.lang.Iterable.forEach(Iterable.java:75)
	at org.springframework.boot.SpringApplicationShutdownHook.run(SpringApplicationShutdownHook.java:114)
	at java.base/java.lang.Thread.run(Thread.java:829)
Caused by: org.apache.http.conn.HttpHostConnectException: Connect to localhost:8761 [localhost/127.0.0.1] failed: Connection refused (Connection refused)
	at org.apache.http.impl.conn.DefaultHttpClientConnectionOperator.connect(DefaultHttpClientConnectionOperator.java:156)
	at org.apache.http.impl.conn.PoolingHttpClientConnectionManager.connect(PoolingHttpClientConnectionManager.java:376)
	at org.apache.http.impl.execchain.MainClientExec.establishRoute(MainClientExec.java:393)
	at org.apache.http.impl.execchain.MainClientExec.execute(MainClientExec.java:236)
	at org.apache.http.impl.execchain.ProtocolExec.execute(ProtocolExec.java:186)
	at org.apache.http.impl.execchain.RetryExec.execute(RetryExec.java:89)
	at org.apache.http.impl.execchain.RedirectExec.execute(RedirectExec.java:110)
	at org.apache.http.impl.client.InternalHttpClient.doExecute(InternalHttpClient.java:185)
	at org.apache.http.impl.client.CloseableHttpClient.execute(CloseableHttpClient.java:83)
	at org.apache.http.impl.client.CloseableHttpClient.execute(CloseableHttpClient.java:56)
	at org.springframework.http.client.HttpComponentsClientHttpRequest.executeInternal(HttpComponentsClientHttpRequest.java:87)
	at org.springframework.http.client.AbstractBufferingClientHttpRequest.executeInternal(AbstractBufferingClientHttpRequest.java:48)
	at org.springframework.http.client.AbstractClientHttpRequest.execute(AbstractClientHttpRequest.java:66)
	at org.springframework.web.client.RestTemplate.doExecute(RestTemplate.java:776)
	... 40 more
Caused by: java.net.ConnectException: Connection refused (Connection refused)
	at java.base/java.net.PlainSocketImpl.socketConnect(Native Method)
	at java.base/java.net.AbstractPlainSocketImpl.doConnect(AbstractPlainSocketImpl.java:412)
	at java.base/java.net.AbstractPlainSocketImpl.connectToAddress(AbstractPlainSocketImpl.java:255)
	at java.base/java.net.AbstractPlainSocketImpl.connect(AbstractPlainSocketImpl.java:237)
	at java.base/java.net.SocksSocketImpl.connect(SocksSocketImpl.java:392)
	at java.base/java.net.Socket.connect(Socket.java:609)
	at org.apache.http.conn.socket.PlainConnectionSocketFactory.connectSocket(PlainConnectionSocketFactory.java:75)
	at org.apache.http.impl.conn.DefaultHttpClientConnectionOperator.connect(DefaultHttpClientConnectionOperator.java:142)
	... 53 more

2022-08-08 00:41:10 WARN   --- [SpringApplicationShutdownHook] c.n.d.s.t.d.RetryableEurekaHttpClient : Request execution failed with message: I/O error on DELETE request for "http://localhost:8761/eureka/apps/API-GATEWAY/192.168.0.11:api-gateway:8081": Connect to localhost:8761 [localhost/127.0.0.1] failed: Connection refused (Connection refused); nested exception is org.apache.http.conn.HttpHostConnectException: Connect to localhost:8761 [localhost/127.0.0.1] failed: Connection refused (Connection refused)
2022-08-08 00:41:10 ERROR  --- [SpringApplicationShutdownHook] c.n.d.DiscoveryClient : DiscoveryClient_API-GATEWAY/192.168.0.11:api-gateway:8081 - de-registration failedCannot execute request on any known server
com.netflix.discovery.shared.transport.TransportException: Cannot execute request on any known server
	at com.netflix.discovery.shared.transport.decorator.RetryableEurekaHttpClient.execute(RetryableEurekaHttpClient.java:112)
	at com.netflix.discovery.shared.transport.decorator.EurekaHttpClientDecorator.cancel(EurekaHttpClientDecorator.java:71)
	at com.netflix.discovery.shared.transport.decorator.EurekaHttpClientDecorator$2.execute(EurekaHttpClientDecorator.java:74)
	at com.netflix.discovery.shared.transport.decorator.SessionedEurekaHttpClient.execute(SessionedEurekaHttpClient.java:77)
	at com.netflix.discovery.shared.transport.decorator.EurekaHttpClientDecorator.cancel(EurekaHttpClientDecorator.java:71)
	at com.netflix.discovery.DiscoveryClient.unregister(DiscoveryClient.java:972)
	at com.netflix.discovery.DiscoveryClient.shutdown(DiscoveryClient.java:948)
	at java.base/jdk.internal.reflect.NativeMethodAccessorImpl.invoke0(Native Method)
	at java.base/jdk.internal.reflect.NativeMethodAccessorImpl.invoke(NativeMethodAccessorImpl.java:62)
	at java.base/jdk.internal.reflect.DelegatingMethodAccessorImpl.invoke(DelegatingMethodAccessorImpl.java:43)
	at java.base/java.lang.reflect.Method.invoke(Method.java:566)
	at org.springframework.beans.factory.annotation.InitDestroyAnnotationBeanPostProcessor$LifecycleElement.invoke(InitDestroyAnnotationBeanPostProcessor.java:389)
	at org.springframework.beans.factory.annotation.InitDestroyAnnotationBeanPostProcessor$LifecycleMetadata.invokeDestroyMethods(InitDestroyAnnotationBeanPostProcessor.java:347)
	at org.springframework.beans.factory.annotation.InitDestroyAnnotationBeanPostProcessor.postProcessBeforeDestruction(InitDestroyAnnotationBeanPostProcessor.java:177)
	at org.springframework.beans.factory.support.DisposableBeanAdapter.destroy(DisposableBeanAdapter.java:197)
	at org.springframework.beans.factory.support.DisposableBeanAdapter.run(DisposableBeanAdapter.java:190)
	at org.springframework.cloud.context.scope.GenericScope$BeanLifecycleWrapper.destroy(GenericScope.java:390)
	at org.springframework.cloud.context.scope.GenericScope.destroy(GenericScope.java:136)
	at org.springframework.beans.factory.support.DisposableBeanAdapter.destroy(DisposableBeanAdapter.java:213)
	at org.springframework.beans.factory.support.DefaultSingletonBeanRegistry.destroyBean(DefaultSingletonBeanRegistry.java:587)
	at org.springframework.beans.factory.support.DefaultSingletonBeanRegistry.destroySingleton(DefaultSingletonBeanRegistry.java:559)
	at org.springframework.beans.factory.support.DefaultListableBeanFactory.destroySingleton(DefaultListableBeanFactory.java:1161)
	at org.springframework.beans.factory.support.DefaultSingletonBeanRegistry.destroySingletons(DefaultSingletonBeanRegistry.java:520)
	at org.springframework.beans.factory.support.DefaultListableBeanFactory.destroySingletons(DefaultListableBeanFactory.java:1154)
	at org.springframework.context.support.AbstractApplicationContext.destroyBeans(AbstractApplicationContext.java:1106)
	at org.springframework.context.support.AbstractApplicationContext.doClose(AbstractApplicationContext.java:1075)
	at org.springframework.boot.web.reactive.context.ReactiveWebServerApplicationContext.doClose(ReactiveWebServerApplicationContext.java:147)
	at org.springframework.context.support.AbstractApplicationContext.close(AbstractApplicationContext.java:1021)
	at org.springframework.boot.SpringApplicationShutdownHook.closeAndWait(SpringApplicationShutdownHook.java:145)
	at java.base/java.lang.Iterable.forEach(Iterable.java:75)
	at org.springframework.boot.SpringApplicationShutdownHook.run(SpringApplicationShutdownHook.java:114)
	at java.base/java.lang.Thread.run(Thread.java:829)
2022-08-08 00:41:10 INFO   --- [SpringApplicationShutdownHook] c.n.d.DiscoveryClient : Completed shut down of DiscoveryClient
2022-08-08 10:59:37 INFO   --- [main] c.s.s.SpringCloudGatewayApplication : Starting SpringCloudGatewayApplication using Java 11.0.16 on rashedul-ThinkPad-X1-Yoga-1st with PID 10543 (/home/rashedul/Project/city-bank/back-end/smb-spring-cloud-gateway/target/classes started by rashedul in /home/rashedul/Project/city-bank/back-end/smb-spring-cloud-gateway)
2022-08-08 10:59:37 INFO   --- [main] c.s.s.SpringCloudGatewayApplication : The following 1 profile is active: "dev"
2022-08-08 10:59:40 INFO   --- [main] c.z.h.HikariDataSource : HikariPool-1 - Starting...
2022-08-08 10:59:40 INFO   --- [main] c.z.h.HikariDataSource : HikariPool-1 - Start completed.
2022-08-08 11:00:16 INFO   --- [main] c.n.d.DiscoveryClient : Initializing Eureka in region us-east-1
2022-08-08 11:00:16 INFO   --- [main] c.n.d.s.r.a.ConfigClusterResolver : Resolving eureka endpoints via configuration
2022-08-08 11:00:16 INFO   --- [main] c.n.d.DiscoveryClient : Disable delta property : false
2022-08-08 11:00:16 INFO   --- [main] c.n.d.DiscoveryClient : Single vip registry refresh property : null
2022-08-08 11:00:16 INFO   --- [main] c.n.d.DiscoveryClient : Force full registry fetch : false
2022-08-08 11:00:16 INFO   --- [main] c.n.d.DiscoveryClient : Application is null : false
2022-08-08 11:00:16 INFO   --- [main] c.n.d.DiscoveryClient : Registered Applications size is zero : true
2022-08-08 11:00:16 INFO   --- [main] c.n.d.DiscoveryClient : Application version is -1: true
2022-08-08 11:00:16 INFO   --- [main] c.n.d.DiscoveryClient : Getting all instance registry info from the eureka server
2022-08-08 11:00:17 INFO   --- [main] c.n.d.DiscoveryClient : The response status is 200
2022-08-08 11:00:17 INFO   --- [main] c.n.d.DiscoveryClient : Starting heartbeat executor: renew interval is: 30
2022-08-08 11:00:17 INFO   --- [main] c.n.d.InstanceInfoReplicator : InstanceInfoReplicator onDemand update allowed rate per min is 4
2022-08-08 11:00:17 INFO   --- [main] c.n.d.DiscoveryClient : Discovery Client initialized at timestamp 1659934817241 with initial instances count: 0
2022-08-08 11:00:17 INFO   --- [main] c.n.d.DiscoveryClient : Saw local status change event StatusChangeEvent [timestamp=1659934817253, current=UP, previous=STARTING]
2022-08-08 11:00:17 INFO   --- [DiscoveryClient-InstanceInfoReplicator-0] c.n.d.DiscoveryClient : DiscoveryClient_API-GATEWAY/192.168.10.46:api-gateway:8081: registering service...
2022-08-08 11:00:17 INFO   --- [DiscoveryClient-InstanceInfoReplicator-0] c.n.d.DiscoveryClient : DiscoveryClient_API-GATEWAY/192.168.10.46:api-gateway:8081 - registration status: 204
2022-08-08 11:00:17 INFO   --- [main] c.s.s.SpringCloudGatewayApplication : Started SpringCloudGatewayApplication in 41.369 seconds (JVM running for 42.372)
2022-08-08 11:00:47 INFO   --- [DiscoveryClient-CacheRefreshExecutor-0] c.n.d.DiscoveryClient : Disable delta property : false
2022-08-08 11:00:47 INFO   --- [DiscoveryClient-CacheRefreshExecutor-0] c.n.d.DiscoveryClient : Single vip registry refresh property : null
2022-08-08 11:00:47 INFO   --- [DiscoveryClient-CacheRefreshExecutor-0] c.n.d.DiscoveryClient : Force full registry fetch : false
2022-08-08 11:00:47 INFO   --- [DiscoveryClient-CacheRefreshExecutor-0] c.n.d.DiscoveryClient : Application is null : false
2022-08-08 11:00:47 INFO   --- [DiscoveryClient-CacheRefreshExecutor-0] c.n.d.DiscoveryClient : Registered Applications size is zero : true
2022-08-08 11:00:47 INFO   --- [DiscoveryClient-CacheRefreshExecutor-0] c.n.d.DiscoveryClient : Application version is -1: false
2022-08-08 11:00:47 INFO   --- [DiscoveryClient-CacheRefreshExecutor-0] c.n.d.DiscoveryClient : Getting all instance registry info from the eureka server
2022-08-08 11:00:47 INFO   --- [DiscoveryClient-CacheRefreshExecutor-0] c.n.d.DiscoveryClient : The response status is 200
2022-08-08 11:05:16 INFO   --- [AsyncResolver-bootstrap-executor-0] c.n.d.s.r.a.ConfigClusterResolver : Resolving eureka endpoints via configuration
2022-08-08 11:10:16 INFO   --- [AsyncResolver-bootstrap-executor-0] c.n.d.s.r.a.ConfigClusterResolver : Resolving eureka endpoints via configuration
2022-08-08 11:15:16 INFO   --- [AsyncResolver-bootstrap-executor-0] c.n.d.s.r.a.ConfigClusterResolver : Resolving eureka endpoints via configuration
2022-08-08 11:20:16 INFO   --- [AsyncResolver-bootstrap-executor-0] c.n.d.s.r.a.ConfigClusterResolver : Resolving eureka endpoints via configuration
2022-08-08 11:25:16 INFO   --- [AsyncResolver-bootstrap-executor-0] c.n.d.s.r.a.ConfigClusterResolver : Resolving eureka endpoints via configuration
2022-08-08 11:30:16 INFO   --- [AsyncResolver-bootstrap-executor-0] c.n.d.s.r.a.ConfigClusterResolver : Resolving eureka endpoints via configuration
2022-08-08 11:35:16 INFO   --- [AsyncResolver-bootstrap-executor-0] c.n.d.s.r.a.ConfigClusterResolver : Resolving eureka endpoints via configuration
2022-08-08 11:40:16 INFO   --- [AsyncResolver-bootstrap-executor-0] c.n.d.s.r.a.ConfigClusterResolver : Resolving eureka endpoints via configuration
2022-08-08 11:45:16 INFO   --- [AsyncResolver-bootstrap-executor-0] c.n.d.s.r.a.ConfigClusterResolver : Resolving eureka endpoints via configuration
2022-08-08 11:50:16 INFO   --- [AsyncResolver-bootstrap-executor-0] c.n.d.s.r.a.ConfigClusterResolver : Resolving eureka endpoints via configuration
2022-08-08 11:55:16 INFO   --- [AsyncResolver-bootstrap-executor-0] c.n.d.s.r.a.ConfigClusterResolver : Resolving eureka endpoints via configuration
2022-08-08 12:00:16 INFO   --- [AsyncResolver-bootstrap-executor-0] c.n.d.s.r.a.ConfigClusterResolver : Resolving eureka endpoints via configuration
2022-08-08 12:05:16 INFO   --- [AsyncResolver-bootstrap-executor-0] c.n.d.s.r.a.ConfigClusterResolver : Resolving eureka endpoints via configuration
2022-08-08 12:10:16 INFO   --- [AsyncResolver-bootstrap-executor-0] c.n.d.s.r.a.ConfigClusterResolver : Resolving eureka endpoints via configuration
2022-08-08 12:15:16 INFO   --- [AsyncResolver-bootstrap-executor-0] c.n.d.s.r.a.ConfigClusterResolver : Resolving eureka endpoints via configuration
2022-08-08 12:20:16 INFO   --- [AsyncResolver-bootstrap-executor-0] c.n.d.s.r.a.ConfigClusterResolver : Resolving eureka endpoints via configuration
2022-08-08 12:25:16 INFO   --- [AsyncResolver-bootstrap-executor-0] c.n.d.s.r.a.ConfigClusterResolver : Resolving eureka endpoints via configuration
2022-08-08 12:30:16 INFO   --- [AsyncResolver-bootstrap-executor-0] c.n.d.s.r.a.ConfigClusterResolver : Resolving eureka endpoints via configuration
2022-08-08 12:35:16 INFO   --- [AsyncResolver-bootstrap-executor-0] c.n.d.s.r.a.ConfigClusterResolver : Resolving eureka endpoints via configuration
2022-08-08 12:40:16 INFO   --- [AsyncResolver-bootstrap-executor-0] c.n.d.s.r.a.ConfigClusterResolver : Resolving eureka endpoints via configuration
2022-08-08 12:45:16 INFO   --- [AsyncResolver-bootstrap-executor-0] c.n.d.s.r.a.ConfigClusterResolver : Resolving eureka endpoints via configuration
2022-08-08 12:50:16 INFO   --- [AsyncResolver-bootstrap-executor-0] c.n.d.s.r.a.ConfigClusterResolver : Resolving eureka endpoints via configuration
2022-08-08 12:55:16 INFO   --- [AsyncResolver-bootstrap-executor-0] c.n.d.s.r.a.ConfigClusterResolver : Resolving eureka endpoints via configuration
2022-08-08 13:00:16 INFO   --- [AsyncResolver-bootstrap-executor-0] c.n.d.s.r.a.ConfigClusterResolver : Resolving eureka endpoints via configuration
2022-08-08 13:05:16 INFO   --- [AsyncResolver-bootstrap-executor-0] c.n.d.s.r.a.ConfigClusterResolver : Resolving eureka endpoints via configuration
2022-08-08 13:10:16 INFO   --- [AsyncResolver-bootstrap-executor-0] c.n.d.s.r.a.ConfigClusterResolver : Resolving eureka endpoints via configuration
2022-08-08 13:15:16 INFO   --- [AsyncResolver-bootstrap-executor-0] c.n.d.s.r.a.ConfigClusterResolver : Resolving eureka endpoints via configuration
2022-08-08 13:20:16 INFO   --- [AsyncResolver-bootstrap-executor-0] c.n.d.s.r.a.ConfigClusterResolver : Resolving eureka endpoints via configuration
2022-08-08 13:25:16 INFO   --- [AsyncResolver-bootstrap-executor-0] c.n.d.s.r.a.ConfigClusterResolver : Resolving eureka endpoints via configuration
2022-08-08 13:30:16 INFO   --- [AsyncResolver-bootstrap-executor-0] c.n.d.s.r.a.ConfigClusterResolver : Resolving eureka endpoints via configuration
2022-08-08 13:35:16 INFO   --- [AsyncResolver-bootstrap-executor-0] c.n.d.s.r.a.ConfigClusterResolver : Resolving eureka endpoints via configuration
2022-08-08 13:40:16 INFO   --- [AsyncResolver-bootstrap-executor-0] c.n.d.s.r.a.ConfigClusterResolver : Resolving eureka endpoints via configuration
2022-08-08 13:45:16 INFO   --- [AsyncResolver-bootstrap-executor-0] c.n.d.s.r.a.ConfigClusterResolver : Resolving eureka endpoints via configuration
2022-08-08 13:50:16 INFO   --- [AsyncResolver-bootstrap-executor-0] c.n.d.s.r.a.ConfigClusterResolver : Resolving eureka endpoints via configuration
2022-08-08 13:55:16 INFO   --- [AsyncResolver-bootstrap-executor-0] c.n.d.s.r.a.ConfigClusterResolver : Resolving eureka endpoints via configuration
2022-08-08 14:00:16 INFO   --- [AsyncResolver-bootstrap-executor-0] c.n.d.s.r.a.ConfigClusterResolver : Resolving eureka endpoints via configuration
2022-08-08 14:05:16 INFO   --- [AsyncResolver-bootstrap-executor-0] c.n.d.s.r.a.ConfigClusterResolver : Resolving eureka endpoints via configuration
2022-08-08 14:10:16 INFO   --- [AsyncResolver-bootstrap-executor-0] c.n.d.s.r.a.ConfigClusterResolver : Resolving eureka endpoints via configuration
2022-08-08 14:15:16 INFO   --- [AsyncResolver-bootstrap-executor-0] c.n.d.s.r.a.ConfigClusterResolver : Resolving eureka endpoints via configuration
2022-08-08 14:20:16 INFO   --- [AsyncResolver-bootstrap-executor-0] c.n.d.s.r.a.ConfigClusterResolver : Resolving eureka endpoints via configuration
2022-08-08 14:25:16 INFO   --- [AsyncResolver-bootstrap-executor-0] c.n.d.s.r.a.ConfigClusterResolver : Resolving eureka endpoints via configuration
2022-08-08 14:30:16 INFO   --- [AsyncResolver-bootstrap-executor-0] c.n.d.s.r.a.ConfigClusterResolver : Resolving eureka endpoints via configuration
2022-08-08 14:35:16 INFO   --- [AsyncResolver-bootstrap-executor-0] c.n.d.s.r.a.ConfigClusterResolver : Resolving eureka endpoints via configuration
2022-08-08 14:40:16 INFO   --- [AsyncResolver-bootstrap-executor-0] c.n.d.s.r.a.ConfigClusterResolver : Resolving eureka endpoints via configuration
2022-08-08 14:45:16 INFO   --- [AsyncResolver-bootstrap-executor-0] c.n.d.s.r.a.ConfigClusterResolver : Resolving eureka endpoints via configuration
2022-08-08 14:50:16 INFO   --- [AsyncResolver-bootstrap-executor-0] c.n.d.s.r.a.ConfigClusterResolver : Resolving eureka endpoints via configuration
2022-08-08 14:55:16 INFO   --- [AsyncResolver-bootstrap-executor-0] c.n.d.s.r.a.ConfigClusterResolver : Resolving eureka endpoints via configuration
2022-08-08 15:00:16 INFO   --- [AsyncResolver-bootstrap-executor-0] c.n.d.s.r.a.ConfigClusterResolver : Resolving eureka endpoints via configuration
2022-08-08 15:05:16 INFO   --- [AsyncResolver-bootstrap-executor-0] c.n.d.s.r.a.ConfigClusterResolver : Resolving eureka endpoints via configuration
2022-08-08 15:10:16 INFO   --- [AsyncResolver-bootstrap-executor-0] c.n.d.s.r.a.ConfigClusterResolver : Resolving eureka endpoints via configuration
2022-08-08 15:15:16 INFO   --- [AsyncResolver-bootstrap-executor-0] c.n.d.s.r.a.ConfigClusterResolver : Resolving eureka endpoints via configuration
2022-08-08 15:20:16 INFO   --- [AsyncResolver-bootstrap-executor-0] c.n.d.s.r.a.ConfigClusterResolver : Resolving eureka endpoints via configuration
2022-08-08 15:25:16 INFO   --- [AsyncResolver-bootstrap-executor-0] c.n.d.s.r.a.ConfigClusterResolver : Resolving eureka endpoints via configuration
2022-08-08 15:30:16 INFO   --- [AsyncResolver-bootstrap-executor-0] c.n.d.s.r.a.ConfigClusterResolver : Resolving eureka endpoints via configuration
2022-08-08 15:35:16 INFO   --- [AsyncResolver-bootstrap-executor-0] c.n.d.s.r.a.ConfigClusterResolver : Resolving eureka endpoints via configuration
2022-08-08 15:40:16 INFO   --- [AsyncResolver-bootstrap-executor-0] c.n.d.s.r.a.ConfigClusterResolver : Resolving eureka endpoints via configuration
2022-08-08 15:45:16 INFO   --- [AsyncResolver-bootstrap-executor-0] c.n.d.s.r.a.ConfigClusterResolver : Resolving eureka endpoints via configuration
2022-08-08 15:50:16 INFO   --- [AsyncResolver-bootstrap-executor-0] c.n.d.s.r.a.ConfigClusterResolver : Resolving eureka endpoints via configuration
2022-08-08 15:50:19 INFO   --- [http-nio-8081-exec-4] c.s.s.s.GlobalFilterSecurityService : Pre-Filter executed
2022-08-08 15:50:21 INFO   --- [reactor-http-epoll-2] c.s.s.s.GlobalFilterSecurityService : Last Post Global Filter
2022-08-08 15:51:07 INFO   --- [http-nio-8081-exec-6] c.s.s.s.GlobalFilterSecurityService : Pre-Filter executed
2022-08-08 15:51:07 INFO   --- [http-nio-8081-exec-6] c.s.s.s.GlobalFilterSecurityService : Request path = /um/v1/startCase/cs_data_capture
2022-08-08 15:51:07 INFO   --- [http-nio-8081-exec-6] c.s.s.s.GlobalFilterSecurityService : user-agent [ReactorNetty/1.0.17]
2022-08-08 15:51:07 INFO   --- [http-nio-8081-exec-6] c.s.s.s.GlobalFilterSecurityService : host [localhost:8081]
2022-08-08 15:51:07 INFO   --- [http-nio-8081-exec-6] c.s.s.s.GlobalFilterSecurityService : accept [*/*]
2022-08-08 15:51:07 INFO   --- [http-nio-8081-exec-6] c.s.s.s.GlobalFilterSecurityService : authorization [Bearer eyJyYW5kb20iOjMyMTI0MzgzNywiYWxnIjoiSFMyNTYifQ.eyJpc3MiOiJodHRwczovL2NpdHkzNjAudGhlY2l0eWJhbmsuY29tIiwic3ViIjoibWFrZXIxMyIsInVzZXJJbmZvcm1hdGlvbiI6eyJ1c2VyUm9sZUlkIjoxMCwic29sSWQiOm51bGwsInVzZXJOYW1lIjoibWFrZXIxMyIsInVzZXJHcm91cCI6Ik1BS0VSIiwiYnJhbmNoTmFtZSI6bnVsbH19.-jvD4XVpzoFBGGuxj0z2AVMxC4isgUGraynn7SDgZA4]
2022-08-08 15:51:07 INFO   --- [reactor-http-epoll-2] c.s.s.s.GlobalFilterSecurityService : Last Post Global Filter
2022-08-08 15:55:16 INFO   --- [AsyncResolver-bootstrap-executor-0] c.n.d.s.r.a.ConfigClusterResolver : Resolving eureka endpoints via configuration
2022-08-08 15:56:23 INFO   --- [http-nio-8081-exec-10] c.s.s.s.GlobalFilterSecurityService : Pre-Filter executed
2022-08-08 15:56:23 INFO   --- [http-nio-8081-exec-10] c.s.s.s.GlobalFilterSecurityService : Request path = /um/v1/startCase/cs_data_capture
2022-08-08 15:56:23 INFO   --- [http-nio-8081-exec-10] c.s.s.s.GlobalFilterSecurityService : user-agent [ReactorNetty/1.0.17]
2022-08-08 15:56:23 INFO   --- [http-nio-8081-exec-10] c.s.s.s.GlobalFilterSecurityService : host [localhost:8081]
2022-08-08 15:56:23 INFO   --- [http-nio-8081-exec-10] c.s.s.s.GlobalFilterSecurityService : accept [*/*]
2022-08-08 15:56:23 INFO   --- [http-nio-8081-exec-10] c.s.s.s.GlobalFilterSecurityService : authorization [Bearer eyJyYW5kb20iOjMyMTI0MzgzNywiYWxnIjoiSFMyNTYifQ.eyJpc3MiOiJodHRwczovL2NpdHkzNjAudGhlY2l0eWJhbmsuY29tIiwic3ViIjoibWFrZXIxMyIsInVzZXJJbmZvcm1hdGlvbiI6eyJ1c2VyUm9sZUlkIjoxMCwic29sSWQiOm51bGwsInVzZXJOYW1lIjoibWFrZXIxMyIsInVzZXJHcm91cCI6Ik1BS0VSIiwiYnJhbmNoTmFtZSI6bnVsbH19.-jvD4XVpzoFBGGuxj0z2AVMxC4isgUGraynn7SDgZA4]
2022-08-08 15:56:23 INFO   --- [reactor-http-epoll-4] c.s.s.s.GlobalFilterSecurityService : Last Post Global Filter
2022-08-08 15:59:57 INFO   --- [http-nio-8081-exec-4] c.s.s.s.GlobalFilterSecurityService : Pre-Filter executed
2022-08-08 15:59:57 INFO   --- [reactor-http-epoll-1] c.s.s.s.GlobalFilterSecurityService : Last Post Global Filter
2022-08-08 16:00:16 INFO   --- [AsyncResolver-bootstrap-executor-0] c.n.d.s.r.a.ConfigClusterResolver : Resolving eureka endpoints via configuration
2022-08-08 16:00:57 INFO   --- [http-nio-8081-exec-6] c.s.s.s.GlobalFilterSecurityService : Pre-Filter executed
2022-08-08 16:00:57 INFO   --- [http-nio-8081-exec-6] c.s.s.s.GlobalFilterSecurityService : Request path = /um/v1/startCase/cs_data_capture
2022-08-08 16:00:57 INFO   --- [http-nio-8081-exec-6] c.s.s.s.GlobalFilterSecurityService : user-agent [ReactorNetty/1.0.17]
2022-08-08 16:00:57 INFO   --- [http-nio-8081-exec-6] c.s.s.s.GlobalFilterSecurityService : host [localhost:8081]
2022-08-08 16:00:57 INFO   --- [http-nio-8081-exec-6] c.s.s.s.GlobalFilterSecurityService : accept [*/*]
2022-08-08 16:00:57 INFO   --- [http-nio-8081-exec-6] c.s.s.s.GlobalFilterSecurityService : authorization [Bearer eyJyYW5kb20iOjE5Njc5MzE4ODgsImFsZyI6IkhTMjU2In0.eyJpc3MiOiJodHRwczovL2NpdHkzNjAudGhlY2l0eWJhbmsuY29tIiwic3ViIjoiY3MxMyIsInVzZXJJbmZvcm1hdGlvbiI6eyJ1c2VyUm9sZUlkIjoxODgsInNvbElkIjoiMTAxIiwidXNlck5hbWUiOiJjczEzIiwidXNlckdyb3VwIjoiQ1MiLCJicmFuY2hOYW1lIjoiUFJJTkNJUEFMIE9GRklDRSJ9fQ.ixaLis88gYmSFj8h-JbU5a3nnSp7YiI1gzkrcann5Lg]
2022-08-08 16:00:57 INFO   --- [reactor-http-epoll-1] c.s.s.s.GlobalFilterSecurityService : Last Post Global Filter
2022-08-08 16:05:16 INFO   --- [AsyncResolver-bootstrap-executor-0] c.n.d.s.r.a.ConfigClusterResolver : Resolving eureka endpoints via configuration
2022-08-08 16:10:16 INFO   --- [AsyncResolver-bootstrap-executor-0] c.n.d.s.r.a.ConfigClusterResolver : Resolving eureka endpoints via configuration
2022-08-08 16:15:16 INFO   --- [AsyncResolver-bootstrap-executor-0] c.n.d.s.r.a.ConfigClusterResolver : Resolving eureka endpoints via configuration
2022-08-08 16:20:16 INFO   --- [AsyncResolver-bootstrap-executor-0] c.n.d.s.r.a.ConfigClusterResolver : Resolving eureka endpoints via configuration
2022-08-08 16:25:16 INFO   --- [AsyncResolver-bootstrap-executor-0] c.n.d.s.r.a.ConfigClusterResolver : Resolving eureka endpoints via configuration
2022-08-08 16:30:16 INFO   --- [AsyncResolver-bootstrap-executor-0] c.n.d.s.r.a.ConfigClusterResolver : Resolving eureka endpoints via configuration
2022-08-08 16:35:16 INFO   --- [AsyncResolver-bootstrap-executor-0] c.n.d.s.r.a.ConfigClusterResolver : Resolving eureka endpoints via configuration
2022-08-08 16:40:16 INFO   --- [AsyncResolver-bootstrap-executor-0] c.n.d.s.r.a.ConfigClusterResolver : Resolving eureka endpoints via configuration
2022-08-08 16:45:16 INFO   --- [AsyncResolver-bootstrap-executor-0] c.n.d.s.r.a.ConfigClusterResolver : Resolving eureka endpoints via configuration
2022-08-08 16:50:16 INFO   --- [AsyncResolver-bootstrap-executor-0] c.n.d.s.r.a.ConfigClusterResolver : Resolving eureka endpoints via configuration
2022-08-08 16:55:16 INFO   --- [AsyncResolver-bootstrap-executor-0] c.n.d.s.r.a.ConfigClusterResolver : Resolving eureka endpoints via configuration
2022-08-08 17:00:16 INFO   --- [AsyncResolver-bootstrap-executor-0] c.n.d.s.r.a.ConfigClusterResolver : Resolving eureka endpoints via configuration
2022-08-08 17:05:16 INFO   --- [AsyncResolver-bootstrap-executor-0] c.n.d.s.r.a.ConfigClusterResolver : Resolving eureka endpoints via configuration
2022-08-08 17:10:16 INFO   --- [AsyncResolver-bootstrap-executor-0] c.n.d.s.r.a.ConfigClusterResolver : Resolving eureka endpoints via configuration
2022-08-08 17:15:16 INFO   --- [AsyncResolver-bootstrap-executor-0] c.n.d.s.r.a.ConfigClusterResolver : Resolving eureka endpoints via configuration
2022-08-08 17:20:16 INFO   --- [AsyncResolver-bootstrap-executor-0] c.n.d.s.r.a.ConfigClusterResolver : Resolving eureka endpoints via configuration
2022-08-08 17:25:16 INFO   --- [AsyncResolver-bootstrap-executor-0] c.n.d.s.r.a.ConfigClusterResolver : Resolving eureka endpoints via configuration
2022-08-08 17:30:16 INFO   --- [AsyncResolver-bootstrap-executor-0] c.n.d.s.r.a.ConfigClusterResolver : Resolving eureka endpoints via configuration
2022-08-08 17:35:16 INFO   --- [AsyncResolver-bootstrap-executor-0] c.n.d.s.r.a.ConfigClusterResolver : Resolving eureka endpoints via configuration
2022-08-08 17:40:16 INFO   --- [AsyncResolver-bootstrap-executor-0] c.n.d.s.r.a.ConfigClusterResolver : Resolving eureka endpoints via configuration
2022-08-08 17:45:16 INFO   --- [AsyncResolver-bootstrap-executor-0] c.n.d.s.r.a.ConfigClusterResolver : Resolving eureka endpoints via configuration
2022-08-08 17:50:16 INFO   --- [AsyncResolver-bootstrap-executor-0] c.n.d.s.r.a.ConfigClusterResolver : Resolving eureka endpoints via configuration
2022-08-08 17:55:16 INFO   --- [AsyncResolver-bootstrap-executor-0] c.n.d.s.r.a.ConfigClusterResolver : Resolving eureka endpoints via configuration
2022-08-08 18:00:16 INFO   --- [AsyncResolver-bootstrap-executor-0] c.n.d.s.r.a.ConfigClusterResolver : Resolving eureka endpoints via configuration
2022-08-08 18:05:16 INFO   --- [AsyncResolver-bootstrap-executor-0] c.n.d.s.r.a.ConfigClusterResolver : Resolving eureka endpoints via configuration
2022-08-08 18:10:16 INFO   --- [AsyncResolver-bootstrap-executor-0] c.n.d.s.r.a.ConfigClusterResolver : Resolving eureka endpoints via configuration
2022-08-08 18:15:16 INFO   --- [AsyncResolver-bootstrap-executor-0] c.n.d.s.r.a.ConfigClusterResolver : Resolving eureka endpoints via configuration
2022-08-08 18:20:16 INFO   --- [AsyncResolver-bootstrap-executor-0] c.n.d.s.r.a.ConfigClusterResolver : Resolving eureka endpoints via configuration
2022-08-08 18:25:16 INFO   --- [AsyncResolver-bootstrap-executor-0] c.n.d.s.r.a.ConfigClusterResolver : Resolving eureka endpoints via configuration
2022-08-08 18:30:16 INFO   --- [AsyncResolver-bootstrap-executor-0] c.n.d.s.r.a.ConfigClusterResolver : Resolving eureka endpoints via configuration
2022-08-08 18:35:16 INFO   --- [AsyncResolver-bootstrap-executor-0] c.n.d.s.r.a.ConfigClusterResolver : Resolving eureka endpoints via configuration
2022-08-08 18:40:16 INFO   --- [AsyncResolver-bootstrap-executor-0] c.n.d.s.r.a.ConfigClusterResolver : Resolving eureka endpoints via configuration
2022-08-08 18:45:16 INFO   --- [AsyncResolver-bootstrap-executor-0] c.n.d.s.r.a.ConfigClusterResolver : Resolving eureka endpoints via configuration
2022-08-08 18:50:16 INFO   --- [AsyncResolver-bootstrap-executor-0] c.n.d.s.r.a.ConfigClusterResolver : Resolving eureka endpoints via configuration
2022-08-08 18:55:16 INFO   --- [AsyncResolver-bootstrap-executor-0] c.n.d.s.r.a.ConfigClusterResolver : Resolving eureka endpoints via configuration
2022-08-08 19:58:04 INFO   --- [AsyncResolver-bootstrap-executor-0] c.n.d.s.r.a.ConfigClusterResolver : Resolving eureka endpoints via configuration
2022-08-08 21:55:07 INFO   --- [DiscoveryClient-HeartbeatExecutor-0] c.n.d.DiscoveryClient : DiscoveryClient_API-GATEWAY/192.168.10.46:api-gateway:8081 - Re-registering apps/API-GATEWAY
2022-08-08 21:55:07 INFO   --- [DiscoveryClient-HeartbeatExecutor-0] c.n.d.DiscoveryClient : DiscoveryClient_API-GATEWAY/192.168.10.46:api-gateway:8081: registering service...
2022-08-08 21:55:08 INFO   --- [DiscoveryClient-HeartbeatExecutor-0] c.n.d.DiscoveryClient : DiscoveryClient_API-GATEWAY/192.168.10.46:api-gateway:8081 - registration status: 204
2022-08-08 21:59:02 INFO   --- [AsyncResolver-bootstrap-executor-0] c.n.d.s.r.a.ConfigClusterResolver : Resolving eureka endpoints via configuration
2022-08-08 22:04:02 INFO   --- [AsyncResolver-bootstrap-executor-0] c.n.d.s.r.a.ConfigClusterResolver : Resolving eureka endpoints via configuration
2022-08-08 22:09:02 INFO   --- [AsyncResolver-bootstrap-executor-0] c.n.d.s.r.a.ConfigClusterResolver : Resolving eureka endpoints via configuration
2022-08-08 22:14:02 INFO   --- [AsyncResolver-bootstrap-executor-0] c.n.d.s.r.a.ConfigClusterResolver : Resolving eureka endpoints via configuration
2022-08-08 23:22:03 INFO   --- [AsyncResolver-bootstrap-executor-0] c.n.d.s.r.a.ConfigClusterResolver : Resolving eureka endpoints via configuration
2022-08-08 23:26:50 INFO   --- [http-nio-8081-exec-1] c.s.s.s.GlobalFilterSecurityService : Pre-Filter executed
2022-08-08 23:26:50 WARN   --- [http-nio-8081-exec-1] o.s.c.l.c.RoundRobinLoadBalancer : No servers available for service: um-module
2022-08-08 23:27:03 INFO   --- [AsyncResolver-bootstrap-executor-0] c.n.d.s.r.a.ConfigClusterResolver : Resolving eureka endpoints via configuration
2022-08-08 23:27:26 INFO   --- [http-nio-8081-exec-2] c.s.s.s.GlobalFilterSecurityService : Pre-Filter executed
2022-08-08 23:27:28 INFO   --- [reactor-http-epoll-3] c.s.s.s.GlobalFilterSecurityService : Last Post Global Filter
2022-08-08 23:32:03 INFO   --- [AsyncResolver-bootstrap-executor-0] c.n.d.s.r.a.ConfigClusterResolver : Resolving eureka endpoints via configuration
2022-08-08 23:37:03 INFO   --- [AsyncResolver-bootstrap-executor-0] c.n.d.s.r.a.ConfigClusterResolver : Resolving eureka endpoints via configuration
2022-08-08 23:42:03 INFO   --- [AsyncResolver-bootstrap-executor-0] c.n.d.s.r.a.ConfigClusterResolver : Resolving eureka endpoints via configuration
2022-08-08 23:47:03 INFO   --- [AsyncResolver-bootstrap-executor-0] c.n.d.s.r.a.ConfigClusterResolver : Resolving eureka endpoints via configuration
2022-08-08 23:52:03 INFO   --- [AsyncResolver-bootstrap-executor-0] c.n.d.s.r.a.ConfigClusterResolver : Resolving eureka endpoints via configuration
2022-08-08 23:57:05 INFO   --- [AsyncResolver-bootstrap-executor-0] c.n.d.s.r.a.ConfigClusterResolver : Resolving eureka endpoints via configuration
