2022-07-25 00:01:59 INFO   --- [SpringApplicationShutdownHook] c.n.d.DiscoveryClient : Saw local status change event StatusChangeEvent [timestamp=1658685719830, current=DOWN, previous=UP]
2022-07-25 00:01:59 INFO   --- [DiscoveryClient-InstanceInfoReplicator-0] c.n.d.DiscoveryClient : DiscoveryClient_SMB-API-GATEWAY/192.168.0.11:smb-api-gateway:8081: registering service...
2022-07-25 00:01:59 INFO   --- [DiscoveryClient-InstanceInfoReplicator-0] c.n.d.DiscoveryClient : DiscoveryClient_SMB-API-GATEWAY/192.168.0.11:smb-api-gateway:8081 - registration status: 204
2022-07-25 00:01:59 INFO   --- [SpringApplicationShutdownHook] c.n.d.DiscoveryClient : Shutting down DiscoveryClient ...
2022-07-25 00:02:02 WARN   --- [DiscoveryClient-0] c.n.d.TimedSupervisorTask : task supervisor shutting down, can't accept the task
2022-07-25 00:02:02 INFO   --- [SpringApplicationShutdownHook] c.n.d.DiscoveryClient : Unregistering ...
2022-07-25 00:02:02 INFO   --- [SpringApplicationShutdownHook] c.n.d.DiscoveryClient : DiscoveryClient_SMB-API-GATEWAY/192.168.0.11:smb-api-gateway:8081 - deregister  status: 200
2022-07-25 00:02:02 INFO   --- [SpringApplicationShutdownHook] c.n.d.DiscoveryClient : Completed shut down of DiscoveryClient
2022-07-25 12:07:02 INFO   --- [main] c.b.s.SpringCloudGatewayApplication : Starting SpringCloudGatewayApplication using Java 11.0.15 on rashedul-ThinkPad-X1-Yoga-1st with PID 6855 (/home/rashedul/Project/city-bank/back-end/smb-spring-cloud-gateway/target/classes started by rashedul in /home/rashedul/Project/city-bank/back-end/smb-spring-cloud-gateway)
2022-07-25 12:07:02 INFO   --- [main] c.b.s.SpringCloudGatewayApplication : The following 1 profile is active: "dev"
2022-07-25 12:07:03 WARN   --- [main] o.s.b.w.r.c.AnnotationConfigReactiveWebServerApplicationContext : Exception encountered during context initialization - cancelling refresh attempt: org.springframework.beans.factory.support.BeanDefinitionOverrideException: Invalid bean definition with name 'requestDataValueProcessor' defined in class path resource [org/springframework/security/config/annotation/web/reactive/WebFluxSecurityConfiguration.class]: Cannot register bean definition [Root bean: class [null]; scope=; abstract=false; lazyInit=null; autowireMode=3; dependencyCheck=0; autowireCandidate=true; primary=false; factoryBeanName=org.springframework.security.config.annotation.web.reactive.WebFluxSecurityConfiguration; factoryMethodName=requestDataValueProcessor; initMethodName=null; destroyMethodName=(inferred); defined in class path resource [org/springframework/security/config/annotation/web/reactive/WebFluxSecurityConfiguration.class]] for bean 'requestDataValueProcessor': There is already [Root bean: class [null]; scope=; abstract=false; lazyInit=null; autowireMode=3; dependencyCheck=0; autowireCandidate=true; primary=false; factoryBeanName=org.springframework.security.config.annotation.web.configuration.WebMvcSecurityConfiguration; factoryMethodName=requestDataValueProcessor; initMethodName=null; destroyMethodName=(inferred); defined in class path resource [org/springframework/security/config/annotation/web/configuration/WebMvcSecurityConfiguration.class]] bound.
2022-07-25 12:07:03 ERROR  --- [main] o.s.b.d.LoggingFailureAnalysisReporter : 

***************************
APPLICATION FAILED TO START
***************************

Description:

The bean 'requestDataValueProcessor', defined in class path resource [org/springframework/security/config/annotation/web/reactive/WebFluxSecurityConfiguration.class], could not be registered. A bean with that name has already been defined in class path resource [org/springframework/security/config/annotation/web/configuration/WebMvcSecurityConfiguration.class] and overriding is disabled.

Action:

Consider renaming one of the beans or enabling overriding by setting spring.main.allow-bean-definition-overriding=true

2022-07-25 12:08:25 INFO   --- [main] c.b.s.SpringCloudGatewayApplication : Starting SpringCloudGatewayApplication using Java 11.0.15 on rashedul-ThinkPad-X1-Yoga-1st with PID 7342 (/home/rashedul/Project/city-bank/back-end/smb-spring-cloud-gateway/target/classes started by rashedul in /home/rashedul/Project/city-bank/back-end/smb-spring-cloud-gateway)
2022-07-25 12:08:25 INFO   --- [main] c.b.s.SpringCloudGatewayApplication : The following 1 profile is active: "dev"
2022-07-25 12:08:26 WARN   --- [main] o.s.b.w.r.c.AnnotationConfigReactiveWebServerApplicationContext : Exception encountered during context initialization - cancelling refresh attempt: org.springframework.beans.factory.support.BeanDefinitionOverrideException: Invalid bean definition with name 'requestDataValueProcessor' defined in class path resource [org/springframework/security/config/annotation/web/reactive/WebFluxSecurityConfiguration.class]: Cannot register bean definition [Root bean: class [null]; scope=; abstract=false; lazyInit=null; autowireMode=3; dependencyCheck=0; autowireCandidate=true; primary=false; factoryBeanName=org.springframework.security.config.annotation.web.reactive.WebFluxSecurityConfiguration; factoryMethodName=requestDataValueProcessor; initMethodName=null; destroyMethodName=(inferred); defined in class path resource [org/springframework/security/config/annotation/web/reactive/WebFluxSecurityConfiguration.class]] for bean 'requestDataValueProcessor': There is already [Root bean: class [null]; scope=; abstract=false; lazyInit=null; autowireMode=3; dependencyCheck=0; autowireCandidate=true; primary=false; factoryBeanName=org.springframework.security.config.annotation.web.configuration.WebMvcSecurityConfiguration; factoryMethodName=requestDataValueProcessor; initMethodName=null; destroyMethodName=(inferred); defined in class path resource [org/springframework/security/config/annotation/web/configuration/WebMvcSecurityConfiguration.class]] bound.
2022-07-25 12:08:26 ERROR  --- [main] o.s.b.d.LoggingFailureAnalysisReporter : 

***************************
APPLICATION FAILED TO START
***************************

Description:

The bean 'requestDataValueProcessor', defined in class path resource [org/springframework/security/config/annotation/web/reactive/WebFluxSecurityConfiguration.class], could not be registered. A bean with that name has already been defined in class path resource [org/springframework/security/config/annotation/web/configuration/WebMvcSecurityConfiguration.class] and overriding is disabled.

Action:

Consider renaming one of the beans or enabling overriding by setting spring.main.allow-bean-definition-overriding=true

