2022-08-10 00:18:59 INFO   --- [main] c.s.s.SpringCloudGatewayApplication : Starting SpringCloudGatewayApplication using Java 11.0.16 on rashedul-ThinkPad-X1-Yoga-1st with PID 59160 (/home/rashedul/Project/city-bank/back-end/smb-spring-cloud-gateway/target/classes started by rashedul in /home/rashedul/Project/city-bank/back-end/smb-spring-cloud-gateway)
2022-08-10 00:18:59 INFO   --- [main] c.s.s.SpringCloudGatewayApplication : The following 1 profile is active: "dev"
2022-08-10 00:19:03 INFO   --- [main] c.z.h.HikariDataSource : HikariPool-1 - Starting...
2022-08-10 00:19:03 INFO   --- [main] c.z.h.HikariDataSource : HikariPool-1 - Start completed.
2022-08-10 00:19:34 INFO   --- [main] c.n.d.DiscoveryClient : Initializing Eureka in region us-east-1
2022-08-10 00:19:34 INFO   --- [main] c.n.d.s.r.a.ConfigClusterResolver : Resolving eureka endpoints via configuration
2022-08-10 00:19:34 INFO   --- [main] c.n.d.DiscoveryClient : Disable delta property : false
2022-08-10 00:19:34 INFO   --- [main] c.n.d.DiscoveryClient : Single vip registry refresh property : null
2022-08-10 00:19:34 INFO   --- [main] c.n.d.DiscoveryClient : Force full registry fetch : false
2022-08-10 00:19:34 INFO   --- [main] c.n.d.DiscoveryClient : Application is null : false
2022-08-10 00:19:34 INFO   --- [main] c.n.d.DiscoveryClient : Registered Applications size is zero : true
2022-08-10 00:19:34 INFO   --- [main] c.n.d.DiscoveryClient : Application version is -1: true
2022-08-10 00:19:34 INFO   --- [main] c.n.d.DiscoveryClient : Getting all instance registry info from the eureka server
2022-08-10 00:19:35 INFO   --- [main] c.n.d.DiscoveryClient : The response status is 200
2022-08-10 00:19:35 INFO   --- [main] c.n.d.DiscoveryClient : Starting heartbeat executor: renew interval is: 30
2022-08-10 00:19:35 INFO   --- [main] c.n.d.InstanceInfoReplicator : InstanceInfoReplicator onDemand update allowed rate per min is 4
2022-08-10 00:19:35 INFO   --- [main] c.n.d.DiscoveryClient : Discovery Client initialized at timestamp 1660069175136 with initial instances count: 0
2022-08-10 00:19:35 INFO   --- [main] c.n.d.DiscoveryClient : Saw local status change event StatusChangeEvent [timestamp=1660069175156, current=UP, previous=STARTING]
2022-08-10 00:19:35 INFO   --- [DiscoveryClient-InstanceInfoReplicator-0] c.n.d.DiscoveryClient : DiscoveryClient_API-GATEWAY/192.168.0.11:api-gateway:8081: registering service...
2022-08-10 00:19:35 INFO   --- [DiscoveryClient-InstanceInfoReplicator-0] c.n.d.DiscoveryClient : DiscoveryClient_API-GATEWAY/192.168.0.11:api-gateway:8081 - registration status: 204
2022-08-10 00:19:35 INFO   --- [main] c.s.s.SpringCloudGatewayApplication : Started SpringCloudGatewayApplication in 36.804 seconds (JVM running for 37.837)
2022-08-10 00:20:05 INFO   --- [DiscoveryClient-CacheRefreshExecutor-0] c.n.d.DiscoveryClient : Disable delta property : false
2022-08-10 00:20:05 INFO   --- [DiscoveryClient-CacheRefreshExecutor-0] c.n.d.DiscoveryClient : Single vip registry refresh property : null
2022-08-10 00:20:05 INFO   --- [DiscoveryClient-CacheRefreshExecutor-0] c.n.d.DiscoveryClient : Force full registry fetch : false
2022-08-10 00:20:05 INFO   --- [DiscoveryClient-CacheRefreshExecutor-0] c.n.d.DiscoveryClient : Application is null : false
2022-08-10 00:20:05 INFO   --- [DiscoveryClient-CacheRefreshExecutor-0] c.n.d.DiscoveryClient : Registered Applications size is zero : true
2022-08-10 00:20:05 INFO   --- [DiscoveryClient-CacheRefreshExecutor-0] c.n.d.DiscoveryClient : Application version is -1: false
2022-08-10 00:20:05 INFO   --- [DiscoveryClient-CacheRefreshExecutor-0] c.n.d.DiscoveryClient : Getting all instance registry info from the eureka server
2022-08-10 00:20:05 INFO   --- [DiscoveryClient-CacheRefreshExecutor-0] c.n.d.DiscoveryClient : The response status is 200
2022-08-10 00:20:45 INFO   --- [http-nio-8081-exec-2] c.s.s.s.GlobalFilterSecurityService : Pre-Filter executed
2022-08-10 00:20:45 INFO   --- [http-nio-8081-exec-2] c.s.s.s.GlobalFilterSecurityService : Request path = /rm/v1/startCase/cs_data_capture
2022-08-10 00:20:45 INFO   --- [http-nio-8081-exec-2] c.s.s.s.GlobalFilterSecurityService : authorization [Bearer eyJyYW5kb20iOi0yNDUyMDcxODcsImFsZyI6IkhTMjU2In0.eyJpc3MiOiJodHRwczovL2NpdHkzNjAudGhlY2l0eWJhbmsuY29tIiwic3ViIjoibWFrZXIxMyIsInVzZXJJbmZvcm1hdGlvbiI6eyJ1c2VyUm9sZUlkIjoxMCwic29sSWQiOm51bGwsInVzZXJOYW1lIjoibWFrZXIxMyIsInVzZXJHcm91cCI6Ik1BS0VSIiwiYnJhbmNoTmFtZSI6bnVsbH19.lXk3sWuKFzW-4CH-5B_k10TL86yyVp02nJjL-Dlqe-8]
2022-08-10 00:20:45 INFO   --- [http-nio-8081-exec-2] c.s.s.s.GlobalFilterSecurityService : user-agent [PostmanRuntime/7.29.2]
2022-08-10 00:20:45 INFO   --- [http-nio-8081-exec-2] c.s.s.s.GlobalFilterSecurityService : accept [*/*]
2022-08-10 00:20:45 INFO   --- [http-nio-8081-exec-2] c.s.s.s.GlobalFilterSecurityService : postman-token [27595587-51ca-4e28-973d-e333f33abd0f]
2022-08-10 00:20:45 INFO   --- [http-nio-8081-exec-2] c.s.s.s.GlobalFilterSecurityService : host [localhost:8081]
2022-08-10 00:20:45 INFO   --- [http-nio-8081-exec-2] c.s.s.s.GlobalFilterSecurityService : accept-encoding [gzip, deflate, br]
2022-08-10 00:20:45 INFO   --- [http-nio-8081-exec-2] c.s.s.s.GlobalFilterSecurityService : connection [keep-alive]
2022-08-10 00:20:46 INFO   --- [http-nio-8081-exec-3] c.s.s.s.GlobalFilterSecurityService : Pre-Filter executed
2022-08-10 00:20:46 INFO   --- [http-nio-8081-exec-3] c.s.s.s.GlobalFilterSecurityService : Request path = /um/v1/startCase/cs_data_capture
2022-08-10 00:20:46 INFO   --- [http-nio-8081-exec-3] c.s.s.s.GlobalFilterSecurityService : user-agent [ReactorNetty/1.0.17]
2022-08-10 00:20:46 INFO   --- [http-nio-8081-exec-3] c.s.s.s.GlobalFilterSecurityService : host [localhost:8081]
2022-08-10 00:20:46 INFO   --- [http-nio-8081-exec-3] c.s.s.s.GlobalFilterSecurityService : accept [*/*]
2022-08-10 00:20:46 INFO   --- [http-nio-8081-exec-3] c.s.s.s.GlobalFilterSecurityService : authorization [Bearer eyJyYW5kb20iOi0yNDUyMDcxODcsImFsZyI6IkhTMjU2In0.eyJpc3MiOiJodHRwczovL2NpdHkzNjAudGhlY2l0eWJhbmsuY29tIiwic3ViIjoibWFrZXIxMyIsInVzZXJJbmZvcm1hdGlvbiI6eyJ1c2VyUm9sZUlkIjoxMCwic29sSWQiOm51bGwsInVzZXJOYW1lIjoibWFrZXIxMyIsInVzZXJHcm91cCI6Ik1BS0VSIiwiYnJhbmNoTmFtZSI6bnVsbH19.lXk3sWuKFzW-4CH-5B_k10TL86yyVp02nJjL-Dlqe-8]
2022-08-10 00:20:47 INFO   --- [reactor-http-epoll-3] c.s.s.s.GlobalFilterSecurityService : Last Post Global Filter
2022-08-10 00:20:47 INFO   --- [reactor-http-epoll-2] c.s.s.s.GlobalFilterSecurityService : Last Post Global Filter
2022-08-10 00:22:46 INFO   --- [http-nio-8081-exec-7] c.s.s.s.GlobalFilterSecurityService : Pre-Filter executed
2022-08-10 00:22:46 INFO   --- [http-nio-8081-exec-7] c.s.s.s.GlobalFilterSecurityService : Request path = /um/v1/startCase/cs_data_capture
2022-08-10 00:22:46 INFO   --- [http-nio-8081-exec-7] c.s.s.s.GlobalFilterSecurityService : host [localhost:8081]
2022-08-10 00:22:46 INFO   --- [http-nio-8081-exec-7] c.s.s.s.GlobalFilterSecurityService : user-agent [Mozilla/5.0 (X11; Ubuntu; Linux x86_64; rv:103.0) Gecko/20100101 Firefox/103.0]
2022-08-10 00:22:46 INFO   --- [http-nio-8081-exec-7] c.s.s.s.GlobalFilterSecurityService : accept [text/html,application/xhtml+xml,application/xml;q=0.9,image/avif,image/webp,*/*;q=0.8]
2022-08-10 00:22:46 INFO   --- [http-nio-8081-exec-7] c.s.s.s.GlobalFilterSecurityService : accept-language [en-US,en;q=0.5]
2022-08-10 00:22:46 INFO   --- [http-nio-8081-exec-7] c.s.s.s.GlobalFilterSecurityService : accept-encoding [gzip, deflate, br]
2022-08-10 00:22:46 INFO   --- [http-nio-8081-exec-7] c.s.s.s.GlobalFilterSecurityService : dnt [1]
2022-08-10 00:22:46 INFO   --- [http-nio-8081-exec-7] c.s.s.s.GlobalFilterSecurityService : connection [keep-alive]
2022-08-10 00:22:46 INFO   --- [http-nio-8081-exec-7] c.s.s.s.GlobalFilterSecurityService : upgrade-insecure-requests [1]
2022-08-10 00:22:46 INFO   --- [http-nio-8081-exec-7] c.s.s.s.GlobalFilterSecurityService : sec-fetch-dest [document]
2022-08-10 00:22:46 INFO   --- [http-nio-8081-exec-7] c.s.s.s.GlobalFilterSecurityService : sec-fetch-mode [navigate]
2022-08-10 00:22:46 INFO   --- [http-nio-8081-exec-7] c.s.s.s.GlobalFilterSecurityService : sec-fetch-site [cross-site]
2022-08-10 00:22:46 INFO   --- [http-nio-8081-exec-7] c.s.s.s.GlobalFilterSecurityService : pragma [no-cache]
2022-08-10 00:22:46 INFO   --- [http-nio-8081-exec-7] c.s.s.s.GlobalFilterSecurityService : cache-control [no-cache]
2022-08-10 00:24:35 INFO   --- [AsyncResolver-bootstrap-executor-0] c.n.d.s.r.a.ConfigClusterResolver : Resolving eureka endpoints via configuration
2022-08-10 00:27:07 INFO   --- [http-nio-8081-exec-10] c.s.s.s.GlobalFilterSecurityService : Pre-Filter executed
2022-08-10 00:27:07 INFO   --- [http-nio-8081-exec-10] c.s.s.s.GlobalFilterSecurityService : Request path = /rm/v1/startCase/cs_data_capture
2022-08-10 00:27:07 INFO   --- [http-nio-8081-exec-10] c.s.s.s.GlobalFilterSecurityService : authorization [Bearer eyJyYW5kb20iOi0yNDUyMDcxODcsImFsZyI6IkhTMjU2In0.eyJpc3MiOiJodHRwczovL2NpdHkzNjAudGhlY2l0eWJhbmsuY29tIiwic3ViIjoibWFrZXIxMyIsInVzZXJJbmZvcm1hdGlvbiI6eyJ1c2VyUm9sZUlkIjoxMCwic29sSWQiOm51bGwsInVzZXJOYW1lIjoibWFrZXIxMyIsInVzZXJHcm91cCI6Ik1BS0VSIiwiYnJhbmNoTmFtZSI6bnVsbH19.lXk3sWuKFzW-4CH-5B_k10TL86yyVp02nJjL-Dlqe-8]
2022-08-10 00:27:07 INFO   --- [http-nio-8081-exec-10] c.s.s.s.GlobalFilterSecurityService : user-agent [PostmanRuntime/7.29.2]
2022-08-10 00:27:07 INFO   --- [http-nio-8081-exec-10] c.s.s.s.GlobalFilterSecurityService : accept [*/*]
2022-08-10 00:27:07 INFO   --- [http-nio-8081-exec-10] c.s.s.s.GlobalFilterSecurityService : postman-token [68c8f902-a556-42c8-9353-ee02c9be82c4]
2022-08-10 00:27:07 INFO   --- [http-nio-8081-exec-10] c.s.s.s.GlobalFilterSecurityService : host [localhost:8081]
2022-08-10 00:27:07 INFO   --- [http-nio-8081-exec-10] c.s.s.s.GlobalFilterSecurityService : accept-encoding [gzip, deflate, br]
2022-08-10 00:27:07 INFO   --- [http-nio-8081-exec-10] c.s.s.s.GlobalFilterSecurityService : connection [keep-alive]
2022-08-10 00:27:07 INFO   --- [http-nio-8081-exec-1] c.s.s.s.GlobalFilterSecurityService : Pre-Filter executed
2022-08-10 00:27:07 INFO   --- [http-nio-8081-exec-1] c.s.s.s.GlobalFilterSecurityService : Request path = /um/v1/startCase/cs_data_capture
2022-08-10 00:27:07 INFO   --- [http-nio-8081-exec-1] c.s.s.s.GlobalFilterSecurityService : user-agent [ReactorNetty/1.0.17]
2022-08-10 00:27:07 INFO   --- [http-nio-8081-exec-1] c.s.s.s.GlobalFilterSecurityService : host [localhost:8081]
2022-08-10 00:27:07 INFO   --- [http-nio-8081-exec-1] c.s.s.s.GlobalFilterSecurityService : accept [*/*]
2022-08-10 00:27:07 INFO   --- [http-nio-8081-exec-1] c.s.s.s.GlobalFilterSecurityService : authorization [Bearer eyJyYW5kb20iOi0yNDUyMDcxODcsImFsZyI6IkhTMjU2In0.eyJpc3MiOiJodHRwczovL2NpdHkzNjAudGhlY2l0eWJhbmsuY29tIiwic3ViIjoibWFrZXIxMyIsInVzZXJJbmZvcm1hdGlvbiI6eyJ1c2VyUm9sZUlkIjoxMCwic29sSWQiOm51bGwsInVzZXJOYW1lIjoibWFrZXIxMyIsInVzZXJHcm91cCI6Ik1BS0VSIiwiYnJhbmNoTmFtZSI6bnVsbH19.lXk3sWuKFzW-4CH-5B_k10TL86yyVp02nJjL-Dlqe-8]
2022-08-10 00:27:07 INFO   --- [reactor-http-epoll-1] c.s.s.s.GlobalFilterSecurityService : Last Post Global Filter
2022-08-10 00:27:07 INFO   --- [reactor-http-epoll-4] c.s.s.s.GlobalFilterSecurityService : Last Post Global Filter
2022-08-10 00:29:35 INFO   --- [AsyncResolver-bootstrap-executor-0] c.n.d.s.r.a.ConfigClusterResolver : Resolving eureka endpoints via configuration
2022-08-10 00:31:09 INFO   --- [http-nio-8081-exec-6] c.s.s.s.GlobalFilterSecurityService : Pre-Filter executed
2022-08-10 00:31:09 INFO   --- [http-nio-8081-exec-6] c.s.s.s.GlobalFilterSecurityService : Request path = /rm/v1/startCase/cs_data_capture
2022-08-10 00:31:09 INFO   --- [http-nio-8081-exec-6] c.s.s.s.GlobalFilterSecurityService : authorization [Bearer eyJyYW5kb20iOi0yNDUyMDcxODcsImFsZyI6IkhTMjU2In0.eyJpc3MiOiJodHRwczovL2NpdHkzNjAudGhlY2l0eWJhbmsuY29tIiwic3ViIjoibWFrZXIxMyIsInVzZXJJbmZvcm1hdGlvbiI6eyJ1c2VyUm9sZUlkIjoxMCwic29sSWQiOm51bGwsInVzZXJOYW1lIjoibWFrZXIxMyIsInVzZXJHcm91cCI6Ik1BS0VSIiwiYnJhbmNoTmFtZSI6bnVsbH19.lXk3sWuKFzW-4CH-5B_k10TL86yyVp02nJjL-Dlqe-8]
2022-08-10 00:31:09 INFO   --- [http-nio-8081-exec-6] c.s.s.s.GlobalFilterSecurityService : user-agent [PostmanRuntime/7.29.2]
2022-08-10 00:31:09 INFO   --- [http-nio-8081-exec-6] c.s.s.s.GlobalFilterSecurityService : accept [*/*]
2022-08-10 00:31:09 INFO   --- [http-nio-8081-exec-6] c.s.s.s.GlobalFilterSecurityService : postman-token [ed46e6ac-0340-474d-9422-1e50ff4372ec]
2022-08-10 00:31:09 INFO   --- [http-nio-8081-exec-6] c.s.s.s.GlobalFilterSecurityService : host [localhost:8081]
2022-08-10 00:31:09 INFO   --- [http-nio-8081-exec-6] c.s.s.s.GlobalFilterSecurityService : accept-encoding [gzip, deflate, br]
2022-08-10 00:31:09 INFO   --- [http-nio-8081-exec-6] c.s.s.s.GlobalFilterSecurityService : connection [keep-alive]
2022-08-10 00:31:09 WARN   --- [http-nio-8081-exec-6] o.s.c.l.c.RoundRobinLoadBalancer : No servers available for service: remittance-module
2022-08-10 00:31:40 INFO   --- [http-nio-8081-exec-7] c.s.s.s.GlobalFilterSecurityService : Pre-Filter executed
2022-08-10 00:31:40 INFO   --- [http-nio-8081-exec-7] c.s.s.s.GlobalFilterSecurityService : Request path = /rm/v1/startCase/cs_data_capture
2022-08-10 00:31:40 INFO   --- [http-nio-8081-exec-7] c.s.s.s.GlobalFilterSecurityService : authorization [Bearer eyJyYW5kb20iOi0yNDUyMDcxODcsImFsZyI6IkhTMjU2In0.eyJpc3MiOiJodHRwczovL2NpdHkzNjAudGhlY2l0eWJhbmsuY29tIiwic3ViIjoibWFrZXIxMyIsInVzZXJJbmZvcm1hdGlvbiI6eyJ1c2VyUm9sZUlkIjoxMCwic29sSWQiOm51bGwsInVzZXJOYW1lIjoibWFrZXIxMyIsInVzZXJHcm91cCI6Ik1BS0VSIiwiYnJhbmNoTmFtZSI6bnVsbH19.lXk3sWuKFzW-4CH-5B_k10TL86yyVp02nJjL-Dlqe-8]
2022-08-10 00:31:40 INFO   --- [http-nio-8081-exec-7] c.s.s.s.GlobalFilterSecurityService : user-agent [PostmanRuntime/7.29.2]
2022-08-10 00:31:40 INFO   --- [http-nio-8081-exec-7] c.s.s.s.GlobalFilterSecurityService : accept [*/*]
2022-08-10 00:31:40 INFO   --- [http-nio-8081-exec-7] c.s.s.s.GlobalFilterSecurityService : postman-token [85d5a9fd-1227-4ddc-9215-dd889db19781]
2022-08-10 00:31:40 INFO   --- [http-nio-8081-exec-7] c.s.s.s.GlobalFilterSecurityService : host [localhost:8081]
2022-08-10 00:31:40 INFO   --- [http-nio-8081-exec-7] c.s.s.s.GlobalFilterSecurityService : accept-encoding [gzip, deflate, br]
2022-08-10 00:31:40 INFO   --- [http-nio-8081-exec-7] c.s.s.s.GlobalFilterSecurityService : connection [keep-alive]
2022-08-10 00:31:41 INFO   --- [http-nio-8081-exec-9] c.s.s.s.GlobalFilterSecurityService : Pre-Filter executed
2022-08-10 00:31:41 INFO   --- [http-nio-8081-exec-9] c.s.s.s.GlobalFilterSecurityService : Request path = /um/v1/startCase/cs_data_capture
2022-08-10 00:31:41 INFO   --- [http-nio-8081-exec-9] c.s.s.s.GlobalFilterSecurityService : user-agent [ReactorNetty/1.0.17]
2022-08-10 00:31:41 INFO   --- [http-nio-8081-exec-9] c.s.s.s.GlobalFilterSecurityService : host [localhost:8081]
2022-08-10 00:31:41 INFO   --- [http-nio-8081-exec-9] c.s.s.s.GlobalFilterSecurityService : accept [*/*]
2022-08-10 00:31:41 INFO   --- [http-nio-8081-exec-9] c.s.s.s.GlobalFilterSecurityService : authorization [Bearer eyJyYW5kb20iOi0yNDUyMDcxODcsImFsZyI6IkhTMjU2In0.eyJpc3MiOiJodHRwczovL2NpdHkzNjAudGhlY2l0eWJhbmsuY29tIiwic3ViIjoibWFrZXIxMyIsInVzZXJJbmZvcm1hdGlvbiI6eyJ1c2VyUm9sZUlkIjoxMCwic29sSWQiOm51bGwsInVzZXJOYW1lIjoibWFrZXIxMyIsInVzZXJHcm91cCI6Ik1BS0VSIiwiYnJhbmNoTmFtZSI6bnVsbH19.lXk3sWuKFzW-4CH-5B_k10TL86yyVp02nJjL-Dlqe-8]
2022-08-10 00:31:41 INFO   --- [reactor-http-epoll-3] c.s.s.s.GlobalFilterSecurityService : Last Post Global Filter
2022-08-10 00:31:42 INFO   --- [reactor-http-epoll-2] c.s.s.s.GlobalFilterSecurityService : Last Post Global Filter
2022-08-10 00:34:35 INFO   --- [AsyncResolver-bootstrap-executor-0] c.n.d.s.r.a.ConfigClusterResolver : Resolving eureka endpoints via configuration
2022-08-10 00:34:43 INFO   --- [http-nio-8081-exec-3] c.s.s.s.GlobalFilterSecurityService : Pre-Filter executed
2022-08-10 00:34:43 INFO   --- [http-nio-8081-exec-3] c.s.s.s.GlobalFilterSecurityService : Request path = /rm/v1/startCase/cs_data_capture
2022-08-10 00:34:43 INFO   --- [http-nio-8081-exec-3] c.s.s.s.GlobalFilterSecurityService : authorization [Bearer eyJyYW5kb20iOi0yNDUyMDcxODcsImFsZyI6IkhTMjU2In0.eyJpc3MiOiJodHRwczovL2NpdHkzNjAudGhlY2l0eWJhbmsuY29tIiwic3ViIjoibWFrZXIxMyIsInVzZXJJbmZvcm1hdGlvbiI6eyJ1c2VyUm9sZUlkIjoxMCwic29sSWQiOm51bGwsInVzZXJOYW1lIjoibWFrZXIxMyIsInVzZXJHcm91cCI6Ik1BS0VSIiwiYnJhbmNoTmFtZSI6bnVsbH19.lXk3sWuKFzW-4CH-5B_k10TL86yyVp02nJjL-Dlqe-8]
2022-08-10 00:34:43 INFO   --- [http-nio-8081-exec-3] c.s.s.s.GlobalFilterSecurityService : user-agent [PostmanRuntime/7.29.2]
2022-08-10 00:34:43 INFO   --- [http-nio-8081-exec-3] c.s.s.s.GlobalFilterSecurityService : accept [*/*]
2022-08-10 00:34:43 INFO   --- [http-nio-8081-exec-3] c.s.s.s.GlobalFilterSecurityService : postman-token [e9b8a107-904e-4ec3-9c08-9d5c29c44406]
2022-08-10 00:34:43 INFO   --- [http-nio-8081-exec-3] c.s.s.s.GlobalFilterSecurityService : host [localhost:8081]
2022-08-10 00:34:43 INFO   --- [http-nio-8081-exec-3] c.s.s.s.GlobalFilterSecurityService : accept-encoding [gzip, deflate, br]
2022-08-10 00:34:43 INFO   --- [http-nio-8081-exec-3] c.s.s.s.GlobalFilterSecurityService : connection [keep-alive]
2022-08-10 00:34:43 INFO   --- [http-nio-8081-exec-4] c.s.s.s.GlobalFilterSecurityService : Pre-Filter executed
2022-08-10 00:34:43 INFO   --- [http-nio-8081-exec-4] c.s.s.s.GlobalFilterSecurityService : Request path = /um/v1/startCase/cs_data_capture
2022-08-10 00:34:43 INFO   --- [http-nio-8081-exec-4] c.s.s.s.GlobalFilterSecurityService : user-agent [ReactorNetty/1.0.17]
2022-08-10 00:34:43 INFO   --- [http-nio-8081-exec-4] c.s.s.s.GlobalFilterSecurityService : host [localhost:8081]
2022-08-10 00:34:43 INFO   --- [http-nio-8081-exec-4] c.s.s.s.GlobalFilterSecurityService : accept [*/*]
2022-08-10 00:34:43 INFO   --- [http-nio-8081-exec-4] c.s.s.s.GlobalFilterSecurityService : authorization [Bearer eyJyYW5kb20iOi0yNDUyMDcxODcsImFsZyI6IkhTMjU2In0.eyJpc3MiOiJodHRwczovL2NpdHkzNjAudGhlY2l0eWJhbmsuY29tIiwic3ViIjoibWFrZXIxMyIsInVzZXJJbmZvcm1hdGlvbiI6eyJ1c2VyUm9sZUlkIjoxMCwic29sSWQiOm51bGwsInVzZXJOYW1lIjoibWFrZXIxMyIsInVzZXJHcm91cCI6Ik1BS0VSIiwiYnJhbmNoTmFtZSI6bnVsbH19.lXk3sWuKFzW-4CH-5B_k10TL86yyVp02nJjL-Dlqe-8]
2022-08-10 00:34:44 INFO   --- [reactor-http-epoll-1] c.s.s.s.GlobalFilterSecurityService : Last Post Global Filter
2022-08-10 00:34:44 INFO   --- [reactor-http-epoll-4] c.s.s.s.GlobalFilterSecurityService : Last Post Global Filter
2022-08-10 00:39:35 INFO   --- [AsyncResolver-bootstrap-executor-0] c.n.d.s.r.a.ConfigClusterResolver : Resolving eureka endpoints via configuration
2022-08-10 00:40:52 INFO   --- [http-nio-8081-exec-8] c.s.s.s.GlobalFilterSecurityService : Pre-Filter executed
2022-08-10 00:40:52 INFO   --- [http-nio-8081-exec-8] c.s.s.s.GlobalFilterSecurityService : Request path = /rm/v1/startCase/cs_data_capture
2022-08-10 00:40:52 INFO   --- [http-nio-8081-exec-8] c.s.s.s.GlobalFilterSecurityService : authorization [Bearer eyJyYW5kb20iOi0yNDUyMDcxODcsImFsZyI6IkhTMjU2In0.eyJpc3MiOiJodHRwczovL2NpdHkzNjAudGhlY2l0eWJhbmsuY29tIiwic3ViIjoibWFrZXIxMyIsInVzZXJJbmZvcm1hdGlvbiI6eyJ1c2VyUm9sZUlkIjoxMCwic29sSWQiOm51bGwsInVzZXJOYW1lIjoibWFrZXIxMyIsInVzZXJHcm91cCI6Ik1BS0VSIiwiYnJhbmNoTmFtZSI6bnVsbH19.lXk3sWuKFzW-4CH-5B_k10TL86yyVp02nJjL-Dlqe-8]
2022-08-10 00:40:52 INFO   --- [http-nio-8081-exec-8] c.s.s.s.GlobalFilterSecurityService : user-agent [PostmanRuntime/7.29.2]
2022-08-10 00:40:52 INFO   --- [http-nio-8081-exec-8] c.s.s.s.GlobalFilterSecurityService : accept [*/*]
2022-08-10 00:40:52 INFO   --- [http-nio-8081-exec-8] c.s.s.s.GlobalFilterSecurityService : postman-token [5753f56c-f921-4db3-8994-4853a0e31a48]
2022-08-10 00:40:52 INFO   --- [http-nio-8081-exec-8] c.s.s.s.GlobalFilterSecurityService : host [localhost:8081]
2022-08-10 00:40:52 INFO   --- [http-nio-8081-exec-8] c.s.s.s.GlobalFilterSecurityService : accept-encoding [gzip, deflate, br]
2022-08-10 00:40:52 INFO   --- [http-nio-8081-exec-8] c.s.s.s.GlobalFilterSecurityService : connection [keep-alive]
2022-08-10 00:40:53 INFO   --- [http-nio-8081-exec-10] c.s.s.s.GlobalFilterSecurityService : Pre-Filter executed
2022-08-10 00:40:53 INFO   --- [http-nio-8081-exec-10] c.s.s.s.GlobalFilterSecurityService : Request path = /um/v1/startCase/cs_data_capture
2022-08-10 00:40:53 INFO   --- [http-nio-8081-exec-10] c.s.s.s.GlobalFilterSecurityService : user-agent [ReactorNetty/1.0.17]
2022-08-10 00:40:53 INFO   --- [http-nio-8081-exec-10] c.s.s.s.GlobalFilterSecurityService : host [localhost:8081]
2022-08-10 00:40:53 INFO   --- [http-nio-8081-exec-10] c.s.s.s.GlobalFilterSecurityService : accept [*/*]
2022-08-10 00:40:53 INFO   --- [http-nio-8081-exec-10] c.s.s.s.GlobalFilterSecurityService : authorization [Bearer eyJyYW5kb20iOi0yNDUyMDcxODcsImFsZyI6IkhTMjU2In0.eyJpc3MiOiJodHRwczovL2NpdHkzNjAudGhlY2l0eWJhbmsuY29tIiwic3ViIjoibWFrZXIxMyIsInVzZXJJbmZvcm1hdGlvbiI6eyJ1c2VyUm9sZUlkIjoxMCwic29sSWQiOm51bGwsInVzZXJOYW1lIjoibWFrZXIxMyIsInVzZXJHcm91cCI6Ik1BS0VSIiwiYnJhbmNoTmFtZSI6bnVsbH19.lXk3sWuKFzW-4CH-5B_k10TL86yyVp02nJjL-Dlqe-8]
2022-08-10 00:40:54 INFO   --- [reactor-http-epoll-3] c.s.s.s.GlobalFilterSecurityService : Last Post Global Filter
2022-08-10 00:40:54 INFO   --- [reactor-http-epoll-2] c.s.s.s.GlobalFilterSecurityService : Last Post Global Filter
2022-08-10 00:44:35 INFO   --- [AsyncResolver-bootstrap-executor-0] c.n.d.s.r.a.ConfigClusterResolver : Resolving eureka endpoints via configuration
2022-08-10 00:45:05 INFO   --- [http-nio-8081-exec-5] c.s.s.s.GlobalFilterSecurityService : Pre-Filter executed
2022-08-10 00:45:05 INFO   --- [http-nio-8081-exec-5] c.s.s.s.GlobalFilterSecurityService : Request path = /rm/v1/startCase/cs_data_capture
2022-08-10 00:45:05 INFO   --- [http-nio-8081-exec-5] c.s.s.s.GlobalFilterSecurityService : authorization [Bearer eyJyYW5kb20iOi0yNDUyMDcxODcsImFsZyI6IkhTMjU2In0.eyJpc3MiOiJodHRwczovL2NpdHkzNjAudGhlY2l0eWJhbmsuY29tIiwic3ViIjoibWFrZXIxMyIsInVzZXJJbmZvcm1hdGlvbiI6eyJ1c2VyUm9sZUlkIjoxMCwic29sSWQiOm51bGwsInVzZXJOYW1lIjoibWFrZXIxMyIsInVzZXJHcm91cCI6Ik1BS0VSIiwiYnJhbmNoTmFtZSI6bnVsbH19.lXk3sWuKFzW-4CH-5B_k10TL86yyVp02nJjL-Dlqe-8]
2022-08-10 00:45:05 INFO   --- [http-nio-8081-exec-5] c.s.s.s.GlobalFilterSecurityService : user-agent [PostmanRuntime/7.29.2]
2022-08-10 00:45:05 INFO   --- [http-nio-8081-exec-5] c.s.s.s.GlobalFilterSecurityService : accept [*/*]
2022-08-10 00:45:05 INFO   --- [http-nio-8081-exec-5] c.s.s.s.GlobalFilterSecurityService : postman-token [ad150875-6125-4a63-98a0-42b044b59329]
2022-08-10 00:45:05 INFO   --- [http-nio-8081-exec-5] c.s.s.s.GlobalFilterSecurityService : host [localhost:8081]
2022-08-10 00:45:05 INFO   --- [http-nio-8081-exec-5] c.s.s.s.GlobalFilterSecurityService : accept-encoding [gzip, deflate, br]
2022-08-10 00:45:05 INFO   --- [http-nio-8081-exec-5] c.s.s.s.GlobalFilterSecurityService : connection [keep-alive]
2022-08-10 00:45:05 WARN   --- [http-nio-8081-exec-5] o.s.c.l.c.RoundRobinLoadBalancer : No servers available for service: remittance-module
2022-08-10 00:45:07 INFO   --- [http-nio-8081-exec-6] c.s.s.s.GlobalFilterSecurityService : Pre-Filter executed
2022-08-10 00:45:07 INFO   --- [http-nio-8081-exec-6] c.s.s.s.GlobalFilterSecurityService : Request path = /rm/v1/startCase/cs_data_capture
2022-08-10 00:45:07 INFO   --- [http-nio-8081-exec-6] c.s.s.s.GlobalFilterSecurityService : authorization [Bearer eyJyYW5kb20iOi0yNDUyMDcxODcsImFsZyI6IkhTMjU2In0.eyJpc3MiOiJodHRwczovL2NpdHkzNjAudGhlY2l0eWJhbmsuY29tIiwic3ViIjoibWFrZXIxMyIsInVzZXJJbmZvcm1hdGlvbiI6eyJ1c2VyUm9sZUlkIjoxMCwic29sSWQiOm51bGwsInVzZXJOYW1lIjoibWFrZXIxMyIsInVzZXJHcm91cCI6Ik1BS0VSIiwiYnJhbmNoTmFtZSI6bnVsbH19.lXk3sWuKFzW-4CH-5B_k10TL86yyVp02nJjL-Dlqe-8]
2022-08-10 00:45:07 INFO   --- [http-nio-8081-exec-6] c.s.s.s.GlobalFilterSecurityService : user-agent [PostmanRuntime/7.29.2]
2022-08-10 00:45:07 INFO   --- [http-nio-8081-exec-6] c.s.s.s.GlobalFilterSecurityService : accept [*/*]
2022-08-10 00:45:07 INFO   --- [http-nio-8081-exec-6] c.s.s.s.GlobalFilterSecurityService : postman-token [914c70ef-a70f-4d41-bc2b-c5d357a0fc33]
2022-08-10 00:45:07 INFO   --- [http-nio-8081-exec-6] c.s.s.s.GlobalFilterSecurityService : host [localhost:8081]
2022-08-10 00:45:07 INFO   --- [http-nio-8081-exec-6] c.s.s.s.GlobalFilterSecurityService : accept-encoding [gzip, deflate, br]
2022-08-10 00:45:07 INFO   --- [http-nio-8081-exec-6] c.s.s.s.GlobalFilterSecurityService : connection [keep-alive]
2022-08-10 00:45:07 INFO   --- [http-nio-8081-exec-7] c.s.s.s.GlobalFilterSecurityService : Pre-Filter executed
2022-08-10 00:45:07 INFO   --- [http-nio-8081-exec-7] c.s.s.s.GlobalFilterSecurityService : Request path = /um/v1/startCase/cs_data_capture
2022-08-10 00:45:07 INFO   --- [http-nio-8081-exec-7] c.s.s.s.GlobalFilterSecurityService : user-agent [ReactorNetty/1.0.17]
2022-08-10 00:45:07 INFO   --- [http-nio-8081-exec-7] c.s.s.s.GlobalFilterSecurityService : host [localhost:8081]
2022-08-10 00:45:07 INFO   --- [http-nio-8081-exec-7] c.s.s.s.GlobalFilterSecurityService : accept [*/*]
2022-08-10 00:45:07 INFO   --- [http-nio-8081-exec-7] c.s.s.s.GlobalFilterSecurityService : authorization [Bearer eyJyYW5kb20iOi0yNDUyMDcxODcsImFsZyI6IkhTMjU2In0.eyJpc3MiOiJodHRwczovL2NpdHkzNjAudGhlY2l0eWJhbmsuY29tIiwic3ViIjoibWFrZXIxMyIsInVzZXJJbmZvcm1hdGlvbiI6eyJ1c2VyUm9sZUlkIjoxMCwic29sSWQiOm51bGwsInVzZXJOYW1lIjoibWFrZXIxMyIsInVzZXJHcm91cCI6Ik1BS0VSIiwiYnJhbmNoTmFtZSI6bnVsbH19.lXk3sWuKFzW-4CH-5B_k10TL86yyVp02nJjL-Dlqe-8]
2022-08-10 00:45:07 INFO   --- [reactor-http-epoll-1] c.s.s.s.GlobalFilterSecurityService : Last Post Global Filter
2022-08-10 00:45:07 INFO   --- [reactor-http-epoll-4] c.s.s.s.GlobalFilterSecurityService : Last Post Global Filter
2022-08-10 00:48:50 INFO   --- [http-nio-8081-exec-3] c.s.s.s.GlobalFilterSecurityService : Pre-Filter executed
2022-08-10 00:48:50 INFO   --- [http-nio-8081-exec-3] c.s.s.s.GlobalFilterSecurityService : Request path = /rm/v1/startCase/cs_data_capture
2022-08-10 00:48:50 INFO   --- [http-nio-8081-exec-3] c.s.s.s.GlobalFilterSecurityService : authorization [Bearer eyJyYW5kb20iOi0yNDUyMDcxODcsImFsZyI6IkhTMjU2In0.eyJpc3MiOiJodHRwczovL2NpdHkzNjAudGhlY2l0eWJhbmsuY29tIiwic3ViIjoibWFrZXIxMyIsInVzZXJJbmZvcm1hdGlvbiI6eyJ1c2VyUm9sZUlkIjoxMCwic29sSWQiOm51bGwsInVzZXJOYW1lIjoibWFrZXIxMyIsInVzZXJHcm91cCI6Ik1BS0VSIiwiYnJhbmNoTmFtZSI6bnVsbH19.lXk3sWuKFzW-4CH-5B_k10TL86yyVp02nJjL-Dlqe-8]
2022-08-10 00:48:50 INFO   --- [http-nio-8081-exec-3] c.s.s.s.GlobalFilterSecurityService : user-agent [PostmanRuntime/7.29.2]
2022-08-10 00:48:50 INFO   --- [http-nio-8081-exec-3] c.s.s.s.GlobalFilterSecurityService : accept [*/*]
2022-08-10 00:48:50 INFO   --- [http-nio-8081-exec-3] c.s.s.s.GlobalFilterSecurityService : postman-token [fdffb367-ad9e-4ddd-a466-2ced08671b25]
2022-08-10 00:48:50 INFO   --- [http-nio-8081-exec-3] c.s.s.s.GlobalFilterSecurityService : host [localhost:8081]
2022-08-10 00:48:50 INFO   --- [http-nio-8081-exec-3] c.s.s.s.GlobalFilterSecurityService : accept-encoding [gzip, deflate, br]
2022-08-10 00:48:50 INFO   --- [http-nio-8081-exec-3] c.s.s.s.GlobalFilterSecurityService : connection [keep-alive]
2022-08-10 00:48:50 INFO   --- [http-nio-8081-exec-4] c.s.s.s.GlobalFilterSecurityService : Pre-Filter executed
2022-08-10 00:48:50 INFO   --- [http-nio-8081-exec-4] c.s.s.s.GlobalFilterSecurityService : Request path = /um/v1/startCase/cs_data_capture
2022-08-10 00:48:50 INFO   --- [http-nio-8081-exec-4] c.s.s.s.GlobalFilterSecurityService : user-agent [ReactorNetty/1.0.17]
2022-08-10 00:48:50 INFO   --- [http-nio-8081-exec-4] c.s.s.s.GlobalFilterSecurityService : host [localhost:8081]
2022-08-10 00:48:50 INFO   --- [http-nio-8081-exec-4] c.s.s.s.GlobalFilterSecurityService : accept [*/*]
2022-08-10 00:48:50 INFO   --- [http-nio-8081-exec-4] c.s.s.s.GlobalFilterSecurityService : authorization [Bearer eyJyYW5kb20iOi0yNDUyMDcxODcsImFsZyI6IkhTMjU2In0.eyJpc3MiOiJodHRwczovL2NpdHkzNjAudGhlY2l0eWJhbmsuY29tIiwic3ViIjoibWFrZXIxMyIsInVzZXJJbmZvcm1hdGlvbiI6eyJ1c2VyUm9sZUlkIjoxMCwic29sSWQiOm51bGwsInVzZXJOYW1lIjoibWFrZXIxMyIsInVzZXJHcm91cCI6Ik1BS0VSIiwiYnJhbmNoTmFtZSI6bnVsbH19.lXk3sWuKFzW-4CH-5B_k10TL86yyVp02nJjL-Dlqe-8]
2022-08-10 00:48:51 INFO   --- [reactor-http-epoll-3] c.s.s.s.GlobalFilterSecurityService : Last Post Global Filter
2022-08-10 00:48:51 INFO   --- [reactor-http-epoll-2] c.s.s.s.GlobalFilterSecurityService : Last Post Global Filter
2022-08-10 00:49:35 INFO   --- [AsyncResolver-bootstrap-executor-0] c.n.d.s.r.a.ConfigClusterResolver : Resolving eureka endpoints via configuration
2022-08-10 00:54:17 INFO   --- [http-nio-8081-exec-10] c.s.s.s.GlobalFilterSecurityService : Pre-Filter executed
2022-08-10 00:54:17 INFO   --- [http-nio-8081-exec-10] c.s.s.s.GlobalFilterSecurityService : Request path = /rm/v1/startCase/cs_data_capture
2022-08-10 00:54:17 INFO   --- [http-nio-8081-exec-10] c.s.s.s.GlobalFilterSecurityService : authorization [Bearer eyJyYW5kb20iOi0yNDUyMDcxODcsImFsZyI6IkhTMjU2In0.eyJpc3MiOiJodHRwczovL2NpdHkzNjAudGhlY2l0eWJhbmsuY29tIiwic3ViIjoibWFrZXIxMyIsInVzZXJJbmZvcm1hdGlvbiI6eyJ1c2VyUm9sZUlkIjoxMCwic29sSWQiOm51bGwsInVzZXJOYW1lIjoibWFrZXIxMyIsInVzZXJHcm91cCI6Ik1BS0VSIiwiYnJhbmNoTmFtZSI6bnVsbH19.lXk3sWuKFzW-4CH-5B_k10TL86yyVp02nJjL-Dlqe-8]
2022-08-10 00:54:17 INFO   --- [http-nio-8081-exec-10] c.s.s.s.GlobalFilterSecurityService : user-agent [PostmanRuntime/7.29.2]
2022-08-10 00:54:17 INFO   --- [http-nio-8081-exec-10] c.s.s.s.GlobalFilterSecurityService : accept [*/*]
2022-08-10 00:54:17 INFO   --- [http-nio-8081-exec-10] c.s.s.s.GlobalFilterSecurityService : postman-token [4b611efa-919f-4f0c-af4e-0cfb0a2a8e9f]
2022-08-10 00:54:17 INFO   --- [http-nio-8081-exec-10] c.s.s.s.GlobalFilterSecurityService : host [localhost:8081]
2022-08-10 00:54:17 INFO   --- [http-nio-8081-exec-10] c.s.s.s.GlobalFilterSecurityService : accept-encoding [gzip, deflate, br]
2022-08-10 00:54:17 INFO   --- [http-nio-8081-exec-10] c.s.s.s.GlobalFilterSecurityService : connection [keep-alive]
2022-08-10 00:54:18 INFO   --- [reactor-http-epoll-4] c.s.s.s.GlobalFilterSecurityService : Last Post Global Filter
2022-08-10 00:54:35 INFO   --- [AsyncResolver-bootstrap-executor-0] c.n.d.s.r.a.ConfigClusterResolver : Resolving eureka endpoints via configuration
2022-08-10 00:57:50 INFO   --- [http-nio-8081-exec-4] c.s.s.s.GlobalFilterSecurityService : Pre-Filter executed
2022-08-10 00:57:50 INFO   --- [http-nio-8081-exec-4] c.s.s.s.GlobalFilterSecurityService : Request path = /rm/v1/startCase/cs_data_capture
2022-08-10 00:57:50 INFO   --- [http-nio-8081-exec-4] c.s.s.s.GlobalFilterSecurityService : authorization [Bearer eyJyYW5kb20iOi0yNDUyMDcxODcsImFsZyI6IkhTMjU2In0.eyJpc3MiOiJodHRwczovL2NpdHkzNjAudGhlY2l0eWJhbmsuY29tIiwic3ViIjoibWFrZXIxMyIsInVzZXJJbmZvcm1hdGlvbiI6eyJ1c2VyUm9sZUlkIjoxMCwic29sSWQiOm51bGwsInVzZXJOYW1lIjoibWFrZXIxMyIsInVzZXJHcm91cCI6Ik1BS0VSIiwiYnJhbmNoTmFtZSI6bnVsbH19.lXk3sWuKFzW-4CH-5B_k10TL86yyVp02nJjL-Dlqe-8]
2022-08-10 00:57:50 INFO   --- [http-nio-8081-exec-4] c.s.s.s.GlobalFilterSecurityService : user-agent [PostmanRuntime/7.29.2]
2022-08-10 00:57:50 INFO   --- [http-nio-8081-exec-4] c.s.s.s.GlobalFilterSecurityService : accept [*/*]
2022-08-10 00:57:50 INFO   --- [http-nio-8081-exec-4] c.s.s.s.GlobalFilterSecurityService : postman-token [83b194e6-789e-4642-bbbf-507fe0ed4f8d]
2022-08-10 00:57:50 INFO   --- [http-nio-8081-exec-4] c.s.s.s.GlobalFilterSecurityService : host [localhost:8081]
2022-08-10 00:57:50 INFO   --- [http-nio-8081-exec-4] c.s.s.s.GlobalFilterSecurityService : accept-encoding [gzip, deflate, br]
2022-08-10 00:57:50 INFO   --- [http-nio-8081-exec-4] c.s.s.s.GlobalFilterSecurityService : connection [keep-alive]
2022-08-10 00:57:50 INFO   --- [reactor-http-epoll-1] c.s.s.s.GlobalFilterSecurityService : Last Post Global Filter
2022-08-10 00:59:35 INFO   --- [AsyncResolver-bootstrap-executor-0] c.n.d.s.r.a.ConfigClusterResolver : Resolving eureka endpoints via configuration
2022-08-10 01:04:35 INFO   --- [AsyncResolver-bootstrap-executor-0] c.n.d.s.r.a.ConfigClusterResolver : Resolving eureka endpoints via configuration
2022-08-10 01:08:51 INFO   --- [SpringApplicationShutdownHook] c.n.d.DiscoveryClient : Saw local status change event StatusChangeEvent [timestamp=1660072131719, current=DOWN, previous=UP]
2022-08-10 01:08:51 INFO   --- [DiscoveryClient-InstanceInfoReplicator-0] c.n.d.DiscoveryClient : DiscoveryClient_API-GATEWAY/192.168.0.11:api-gateway:8081: registering service...
2022-08-10 01:08:51 INFO   --- [DiscoveryClient-InstanceInfoReplicator-0] c.n.d.DiscoveryClient : DiscoveryClient_API-GATEWAY/192.168.0.11:api-gateway:8081 - registration status: 204
2022-08-10 01:08:51 INFO   --- [SpringApplicationShutdownHook] c.z.h.HikariDataSource : HikariPool-1 - Shutdown initiated...
2022-08-10 01:08:51 INFO   --- [SpringApplicationShutdownHook] c.z.h.HikariDataSource : HikariPool-1 - Shutdown completed.
2022-08-10 01:08:51 INFO   --- [SpringApplicationShutdownHook] c.n.d.DiscoveryClient : Shutting down DiscoveryClient ...
2022-08-10 01:08:54 INFO   --- [SpringApplicationShutdownHook] c.n.d.DiscoveryClient : Unregistering ...
2022-08-10 01:08:54 INFO   --- [SpringApplicationShutdownHook] c.n.d.DiscoveryClient : DiscoveryClient_API-GATEWAY/192.168.0.11:api-gateway:8081 - deregister  status: 200
2022-08-10 01:08:54 INFO   --- [SpringApplicationShutdownHook] c.n.d.DiscoveryClient : Completed shut down of DiscoveryClient
